[ops_custom] [2026-07-14 11:20:36] [WARNING] The directory /usr/local/Ascend/ascend-toolkit/latest/opp does not have sufficient permissions. Please check and modify the folder permissions (e.g., using chmod), or use the --install-path option to specify an installation path and change the environment variable ASCEND_CUSTOM_OPP_PATH to the specified path.
[ops_custom] [2026-07-14 11:20:37] [INFO] copy uninstall sh success
chmod: 更改 '/usr/local/Ascend/ascend-toolkit/latest/opp/vendors' 的权限: 不允许的操作
[ops_custom] [2026-07-14 11:20:37] [INFO] upgrade framework
[ops_custom] [2026-07-14 11:20:37] [INFO] create /usr/local/Ascend/ascend-toolkit/latest/opp/vendors/customize/framework.
mkdir: 无法创建目录 "/usr/local/Ascend/ascend-toolkit/latest/opp/vendors/customize": 权限不够
[ops_custom] [2026-07-14 11:20:37] [ERROR] create /usr/local/Ascend/ascend-toolkit/latest/opp/vendors/customize/framework failed
[ops_custom] [2026-07-14 11:20:37] [INFO] copy uninstall sh success
[ops_custom] [2026-07-14 11:20:37] [INFO] create /home/orange/pipeline_tool/AscendDevTool/oplib/custom_opp_packages/vendors.
[ops_custom] [2026-07-14 11:20:37] [INFO] upgrade framework
[ops_custom] [2026-07-14 11:20:37] [INFO] create /home/orange/pipeline_tool/AscendDevTool/oplib/custom_opp_packages/vendors/customize/framework.
[ops_custom] [2026-07-14 11:20:37] [INFO] copy new ops framework files ......
[ops_custom] [2026-07-14 11:20:37] [INFO] upgrade op proto
[ops_custom] [2026-07-14 11:20:37] [INFO] create /home/orange/pipeline_tool/AscendDevTool/oplib/custom_opp_packages/vendors/customize/op_proto.
[ops_custom] [2026-07-14 11:20:37] [INFO] copy new ops op_proto files ......
[ops_custom] [2026-07-14 11:20:37] [INFO] upgrade op impl
[ops_custom] [2026-07-14 11:20:37] [INFO] create /home/orange/pipeline_tool/AscendDevTool/oplib/custom_opp_packages/vendors/customize/op_impl.
[ops_custom] [2026-07-14 11:20:37] [INFO] copy new ops op_impl files ......
[ops_custom] [2026-07-14 11:20:37] [INFO] upgrade op api
[ops_custom] [2026-07-14 11:20:37] [INFO] create /home/orange/pipeline_tool/AscendDevTool/oplib/custom_opp_packages/vendors/customize/op_api.
[ops_custom] [2026-07-14 11:20:37] [INFO] copy new ops op_api files ......
[ops_custom] [2026-07-14 11:20:37] [INFO] upgrade version.info
[ops_custom] [2026-07-14 11:20:37] [INFO] copy new version.info files ......
[ops_custom] [2026-07-14 11:20:37] [INFO] no need to upgrade custom.proto files
[ops_custom] [2026-07-14 11:20:37] [INFO] using requirements: when custom module install finished or before you run the custom module, execute the command [ source /home/orange/pipeline_tool/AscendDevTool/oplib/custom_opp_packages/vendors/customize/bin/set_env.bash ] to set the environment path
SUCCESS
