/home/orange/miniconda3/envs/torch_npu/lib/python3.10/site-packages/torch_npu/utils/collect_env.py:58: UserWarning: Warning: The /usr/local/Ascend/ascend-toolkit/latest owner does not match the current owner.
  warnings.warn(f"Warning: The {path} owner does not match the current owner.")
/home/orange/miniconda3/envs/torch_npu/lib/python3.10/site-packages/torch_npu/utils/collect_env.py:58: UserWarning: Warning: The /usr/local/Ascend/ascend-toolkit/8.3.RC1/x86_64-linux/ascend_toolkit_install.info owner does not match the current owner.
  warnings.warn(f"Warning: The {path} owner does not match the current owner.")
/home/orange/miniconda3/envs/torch_npu/lib/python3.10/site-packages/torch_npu/utils/collect_env.py:58: UserWarning: Warning: The /usr/local/Ascend/ascend-toolkit/latest owner does not match the current owner.
  warnings.warn(f"Warning: The {path} owner does not match the current owner.")
/home/orange/miniconda3/envs/torch_npu/lib/python3.10/site-packages/torch_npu/utils/collect_env.py:58: UserWarning: Warning: The /usr/local/Ascend/ascend-toolkit/8.3.RC1/x86_64-linux/ascend_toolkit_install.info owner does not match the current owner.
  warnings.warn(f"Warning: The {path} owner does not match the current owner.")
=> creating model ...
load pre-trained checkpoint from: checkpoints/mae_pretrain_vit_base.pth
[W625 17:00:10.267468147 op_api_common.cpp:37] Warning: A common user is using the files of the root user. (function operator())
=> extracting templates ...
Traceback (most recent call last):
  File "/home/orange/pipeline_tool/ascenddev_output/SAM-6D_NPU/SAM-6D/Pose_Estimation_Model/run_inference_custom.py", line 278, in <module>
    all_tem_pts, all_tem_feat = model.feature_extraction.get_obj_feats(all_tem, all_tem_pts, all_tem_choose)
  File "/home/orange/pipeline_tool/ascenddev_output/SAM-6D_NPU/SAM-6D/Pose_Estimation_Model/../Pose_Estimation_Model/model/feature_extraction.py", line 182, in get_obj_feats
    return sample_pts_feats(tem_pts, tem_feat, npoint)
  File "/home/orange/pipeline_tool/ascenddev_output/SAM-6D_NPU/SAM-6D/Pose_Estimation_Model/../Pose_Estimation_Model/utils/model_utils.py", line 59, in sample_pts_feats
    sample_idx = furthest_point_sample(pts, npoint)
  File "/home/orange/miniconda3/envs/torch_npu/lib/python3.10/site-packages/torch/autograd/function.py", line 575, in apply
    return super().apply(*args, **kwargs)  # type: ignore[misc]
  File "/home/orange/pipeline_tool/ascenddev_output/SAM-6D_NPU/SAM-6D/Pose_Estimation_Model/model/pointnet2/pointnet2_utils.py", line 72, in forward
    fps_inds = _ext.ascend_furthest_point_sampling(xyz, npoint)
  File "/home/orange/pipeline_tool/ascenddev_output/SAM-6D_NPU/SAM-6D/Pose_Estimation_Model/ascend_pointnet2_ops.py", line 19, in ascend_furthest_point_sampling
    raise NotImplementedError("算子 pointnet2._ext.ascend_furthest_point_sampling 需要开发")
NotImplementedError: 算子 pointnet2._ext.ascend_furthest_point_sampling 需要开发
[ERROR] 2026-06-25-17:00:12 (PID:2308710, Device:0, RankID:-1) ERR99999 UNKNOWN applicaiton exception
