/home/orange/miniconda3/envs/torch_npu/lib/python3.10/site-packages/torch_npu/utils/collect_env.py:58: UserWarning: Warning: The /usr/local/Ascend/ascend-toolkit/latest owner does not match the current owner.
  warnings.warn(f"Warning: The {path} owner does not match the current owner.")
/home/orange/miniconda3/envs/torch_npu/lib/python3.10/site-packages/torch_npu/utils/collect_env.py:58: UserWarning: Warning: The /usr/local/Ascend/ascend-toolkit/8.3.RC1/x86_64-linux/ascend_toolkit_install.info owner does not match the current owner.
  warnings.warn(f"Warning: The {path} owner does not match the current owner.")
/home/orange/miniconda3/envs/torch_npu/lib/python3.10/site-packages/torch_npu/utils/collect_env.py:58: UserWarning: Warning: The /usr/local/Ascend/ascend-toolkit/latest owner does not match the current owner.
  warnings.warn(f"Warning: The {path} owner does not match the current owner.")
/home/orange/miniconda3/envs/torch_npu/lib/python3.10/site-packages/torch_npu/utils/collect_env.py:58: UserWarning: Warning: The /usr/local/Ascend/ascend-toolkit/8.3.RC1/x86_64-linux/ascend_toolkit_install.info owner does not match the current owner.
  warnings.warn(f"Warning: The {path} owner does not match the current owner.")
=> creating model ...
load pre-trained checkpoint from: checkpoints/mae_pretrain_vit_base.pth
[W625 17:06:31.690696683 op_api_common.cpp:37] Warning: A common user is using the files of the root user. (function operator())
/home/orange/pipeline_tool/ascenddev_output/SAM-6D_NPU/SAM-6D/Pose_Estimation_Model/ascend_pointnet2_ops.py:19: UserWarning: AscendDevTool: 算子 pointnet2._ext.ascend_furthest_point_sampling 当前使用 PyTorch fallback，建议后续用 Ascend C 重写以提升性能
  warnings.warn("AscendDevTool: 算子 pointnet2._ext.ascend_furthest_point_sampling 当前使用 PyTorch fallback，建议后续用 Ascend C 重写以提升性能")
/home/orange/pipeline_tool/ascenddev_output/SAM-6D_NPU/SAM-6D/Pose_Estimation_Model/ascend_pointnet2_ops.py:37: UserWarning: AscendDevTool: 算子 pointnet2._ext.ascend_gather_points 当前使用 PyTorch fallback，建议后续用 Ascend C 重写以提升性能
  warnings.warn("AscendDevTool: 算子 pointnet2._ext.ascend_gather_points 当前使用 PyTorch fallback，建议后续用 Ascend C 重写以提升性能")
=> extracting templates ...
Traceback (most recent call last):
  File "/home/orange/pipeline_tool/ascenddev_output/SAM-6D_NPU/SAM-6D/Pose_Estimation_Model/run_inference_custom.py", line 278, in <module>
    all_tem_pts, all_tem_feat = model.feature_extraction.get_obj_feats(all_tem, all_tem_pts, all_tem_choose)
  File "/home/orange/pipeline_tool/ascenddev_output/SAM-6D_NPU/SAM-6D/Pose_Estimation_Model/../Pose_Estimation_Model/model/feature_extraction.py", line 182, in get_obj_feats
    return sample_pts_feats(tem_pts, tem_feat, npoint)
  File "/home/orange/pipeline_tool/ascenddev_output/SAM-6D_NPU/SAM-6D/Pose_Estimation_Model/../Pose_Estimation_Model/utils/model_utils.py", line 62, in sample_pts_feats
    feats = gather_operation(feats.transpose(1,2).contiguous(), sample_idx)
  File "/home/orange/miniconda3/envs/torch_npu/lib/python3.10/site-packages/torch/autograd/function.py", line 575, in apply
    return super().apply(*args, **kwargs)  # type: ignore[misc]
  File "/home/orange/pipeline_tool/ascenddev_output/SAM-6D_NPU/SAM-6D/Pose_Estimation_Model/model/pointnet2/pointnet2_utils.py", line 108, in forward
    return _ext.ascend_gather_points(features, idx)
  File "/home/orange/pipeline_tool/ascenddev_output/SAM-6D_NPU/SAM-6D/Pose_Estimation_Model/ascend_pointnet2_ops.py", line 44, in ascend_gather_points
    gathered = torch.gather(xyz_expanded, 2, idx_expanded)
RuntimeError: NPU out of memory. Tried to allocate 820.32 GiB (NPU 0; 87.51 GiB total capacity; 1.04 GiB already allocated; 1.04 GiB current active; 85.11 GiB free; 1.16 GiB reserved in total by PyTorch) If reserved memory is >> allocated memory try setting max_split_size_mb to avoid fragmentation.
[ERROR] 2026-06-25-17:06:34 (PID:2334186, Device:0, RankID:-1) ERR99999 UNKNOWN applicaiton exception
