/usr/local/Ascend/ascend-toolkit/latest/tools/ms_fmk_transplt/analysis/unsupported_api_analysis/cuda_cpp_parser.py:12: SyntaxWarning: invalid escape sequence '\('
  CPP_FUNC_SUB_RE_PATTERN = re.compile('&|\(|\)')
/usr/local/Ascend/ascend-toolkit/latest/tools/ms_fmk_transplt/analysis/unsupported_api_analysis/cuda_cpp_parser.py:16: SyntaxWarning: invalid escape sequence '\['
  LAMBDA_ARG_RE_PATTERN = re.compile('\[\]\((.*?)\)')
/usr/local/Ascend/ascend-toolkit/latest/tools/ms_fmk_transplt/analysis/unsupported_api_analysis/cuda_cpp_parser.py:17: SyntaxWarning: invalid escape sequence '\('
  TORCH_FN_RE_PATTERN = re.compile('TORCH_FN\((.*?)\)')
2026-06-26 11:52:17 [INFO]    Start to check input path...
2026-06-26 11:52:17 [WARNING] The dir is writable by others: /home/orange/pipeline_tool/sam2/sam2/csrc.
2026-06-26 11:52:17 [INFO]    PyTorch analysis start working now, please wait for a moment.
2026-06-26 11:52:17 [INFO]    Analysis start...
2026-06-26 11:52:17 [INFO]    [Progress:  0.00%]  Start the analysis of test.py.
2026-06-26 11:52:17 [WARNING] [Progress:  0.00%]  The dir is writable by others: /home/orange/pipeline_tool/sam2.
2026-06-26 11:52:17 [INFO]    [Progress:  0.00%]  Analysis of test.py completed.
2026-06-26 11:52:17 [INFO]    [Progress:  1.56%]  Start the analysis of setup.py.
2026-06-26 11:52:17 [WARNING] [Progress:  1.56%]  The dir is writable by others: /home/orange/pipeline_tool/sam2.
2026-06-26 11:52:17 [INFO]    [Progress:  1.56%]  Analysis of setup.py completed.
2026-06-26 11:52:17 [INFO]    [Progress:  3.12%]  Start the analysis of tools/vos_inference.py.
2026-06-26 11:52:17 [WARNING] [Progress:  3.12%]  The dir is writable by others: /home/orange/pipeline_tool/sam2/tools.
2026-06-26 11:52:17 [INFO]    [Progress:  3.12%]  Analysis of tools/vos_inference.py completed.
2026-06-26 11:52:17 [INFO]    [Progress:  4.69%]  Start the analysis of sav_dataset/sav_evaluator.py.
2026-06-26 11:52:17 [WARNING] [Progress:  4.69%]  The dir is writable by others: /home/orange/pipeline_tool/sam2/sav_dataset.
2026-06-26 11:52:17 [INFO]    [Progress:  4.69%]  Analysis of sav_dataset/sav_evaluator.py completed.
2026-06-26 11:52:17 [INFO]    [Progress:  6.25%]  Start the analysis of sav_dataset/utils/sav_utils.py.
2026-06-26 11:52:17 [WARNING] [Progress:  6.25%]  The dir is writable by others: /home/orange/pipeline_tool/sam2/sav_dataset/utils.
2026-06-26 11:52:17 [INFO]    [Progress:  6.25%]  Analysis of sav_dataset/utils/sav_utils.py completed.
2026-06-26 11:52:17 [INFO]    [Progress:  7.81%]  Start the analysis of sav_dataset/utils/sav_benchmark.py.
2026-06-26 11:52:17 [WARNING] [Progress:  7.81%]  The dir is writable by others: /home/orange/pipeline_tool/sam2/sav_dataset/utils.
2026-06-26 11:52:18 [INFO]    [Progress:  7.81%]  Analysis of sav_dataset/utils/sav_benchmark.py completed.
2026-06-26 11:52:18 [INFO]    [Progress:  9.38%]  Start the analysis of demo/backend/server/app.py.
2026-06-26 11:52:18 [WARNING] [Progress:  9.38%]  The dir is writable by others: /home/orange/pipeline_tool/sam2/demo/backend/server.
2026-06-26 11:52:18 [INFO]    [Progress:  9.38%]  Analysis of demo/backend/server/app.py completed.
2026-06-26 11:52:18 [INFO]    [Progress: 10.94%]  Start the analysis of demo/backend/server/app_conf.py.
2026-06-26 11:52:18 [WARNING] [Progress: 10.94%]  The dir is writable by others: /home/orange/pipeline_tool/sam2/demo/backend/server.
2026-06-26 11:52:18 [INFO]    [Progress: 10.94%]  Analysis of demo/backend/server/app_conf.py completed.
2026-06-26 11:52:18 [INFO]    [Progress: 12.50%]  Start the analysis of demo/backend/server/inference/data_types.py.
2026-06-26 11:52:18 [WARNING] [Progress: 12.50%]  The dir is writable by others: /home/orange/pipeline_tool/sam2/demo/backend/server/inference.
2026-06-26 11:52:18 [INFO]    [Progress: 12.50%]  Analysis of demo/backend/server/inference/data_types.py completed.
2026-06-26 11:52:18 [INFO]    [Progress: 14.06%]  Start the analysis of demo/backend/server/inference/multipart.py.
2026-06-26 11:52:18 [WARNING] [Progress: 14.06%]  The dir is writable by others: /home/orange/pipeline_tool/sam2/demo/backend/server/inference.
2026-06-26 11:52:18 [INFO]    [Progress: 14.06%]  Analysis of demo/backend/server/inference/multipart.py completed.
2026-06-26 11:52:18 [INFO]    [Progress: 15.62%]  Start the analysis of demo/backend/server/inference/predictor.py.
2026-06-26 11:52:18 [WARNING] [Progress: 15.62%]  The dir is writable by others: /home/orange/pipeline_tool/sam2/demo/backend/server/inference.
2026-06-26 11:52:18 [INFO]    [Progress: 15.62%]  Analysis of demo/backend/server/inference/predictor.py completed.
2026-06-26 11:52:18 [INFO]    [Progress: 17.19%]  Start the analysis of demo/backend/server/data/loader.py.
2026-06-26 11:52:18 [WARNING] [Progress: 17.19%]  The dir is writable by others: /home/orange/pipeline_tool/sam2/demo/backend/server/data.
2026-06-26 11:52:18 [INFO]    [Progress: 17.19%]  Analysis of demo/backend/server/data/loader.py completed.
2026-06-26 11:52:18 [INFO]    [Progress: 18.75%]  Start the analysis of demo/backend/server/data/store.py.
2026-06-26 11:52:18 [WARNING] [Progress: 18.75%]  The dir is writable by others: /home/orange/pipeline_tool/sam2/demo/backend/server/data.
2026-06-26 11:52:18 [INFO]    [Progress: 18.75%]  Analysis of demo/backend/server/data/store.py completed.
2026-06-26 11:52:18 [INFO]    [Progress: 20.31%]  Start the analysis of demo/backend/server/data/schema.py.
2026-06-26 11:52:18 [WARNING] [Progress: 20.31%]  The dir is writable by others: /home/orange/pipeline_tool/sam2/demo/backend/server/data.
2026-06-26 11:52:18 [INFO]    [Progress: 20.31%]  Analysis of demo/backend/server/data/schema.py completed.
2026-06-26 11:52:18 [INFO]    [Progress: 21.88%]  Start the analysis of demo/backend/server/data/transcoder.py.
2026-06-26 11:52:18 [WARNING] [Progress: 21.88%]  The dir is writable by others: /home/orange/pipeline_tool/sam2/demo/backend/server/data.
2026-06-26 11:52:18 [INFO]    [Progress: 21.88%]  Analysis of demo/backend/server/data/transcoder.py completed.
2026-06-26 11:52:18 [INFO]    [Progress: 23.44%]  Start the analysis of demo/backend/server/data/resolver.py.
2026-06-26 11:52:18 [WARNING] [Progress: 23.44%]  The dir is writable by others: /home/orange/pipeline_tool/sam2/demo/backend/server/data.
2026-06-26 11:52:18 [INFO]    [Progress: 23.44%]  Analysis of demo/backend/server/data/resolver.py completed.
2026-06-26 11:52:18 [INFO]    [Progress: 25.00%]  Start the analysis of demo/backend/server/data/data_types.py.
2026-06-26 11:52:18 [WARNING] [Progress: 25.00%]  The dir is writable by others: /home/orange/pipeline_tool/sam2/demo/backend/server/data.
2026-06-26 11:52:18 [INFO]    [Progress: 25.00%]  Analysis of demo/backend/server/data/data_types.py completed.
2026-06-26 11:52:18 [INFO]    [Progress: 26.56%]  Start the analysis of sam2/build_sam.py.
2026-06-26 11:52:18 [WARNING] [Progress: 26.56%]  The dir is writable by others: /home/orange/pipeline_tool/sam2/sam2.
2026-06-26 11:52:18 [INFO]    [Progress: 26.56%]  line: 94 ~ 94 Operation Type: SUGGESTION Message: to has a suggestion about performance
2026-06-26 11:52:18 [INFO]    [Progress: 26.56%]  line: 138 ~ 138 Operation Type: SUGGESTION Message: to has a suggestion about performance
2026-06-26 11:52:18 [INFO]    [Progress: 26.56%]  Analysis of sam2/build_sam.py completed.
2026-06-26 11:52:18 [INFO]    [Progress: 28.12%]  Start the analysis of sam2/automatic_mask_generator.py.
2026-06-26 11:52:18 [WARNING] [Progress: 28.12%]  The dir is writable by others: /home/orange/pipeline_tool/sam2/sam2.
2026-06-26 11:52:18 [INFO]    [Progress: 28.12%]  line: 240 ~ 240 Operation Type: SUGGESTION Message: to has a suggestion about performance
2026-06-26 11:52:18 [INFO]    [Progress: 28.12%]  Analysis of sam2/automatic_mask_generator.py completed.
2026-06-26 11:52:18 [INFO]    [Progress: 29.69%]  Start the analysis of sam2/__init__.py.
2026-06-26 11:52:18 [WARNING] [Progress: 29.69%]  The dir is writable by others: /home/orange/pipeline_tool/sam2/sam2.
2026-06-26 11:52:18 [INFO]    [Progress: 29.69%]  Analysis of sam2/__init__.py completed.
2026-06-26 11:52:18 [INFO]    [Progress: 31.25%]  Start the analysis of sam2/sam2_image_predictor.py.
2026-06-26 11:52:18 [WARNING] [Progress: 31.25%]  The dir is writable by others: /home/orange/pipeline_tool/sam2/sam2.
2026-06-26 11:52:19 [INFO]    [Progress: 31.25%]  line: 111 ~ 111 Operation Type: SUGGESTION Message: to has a suggestion about performance
2026-06-26 11:52:19 [INFO]    [Progress: 31.25%]  line: 154 ~ 154 Operation Type: SUGGESTION Message: to has a suggestion about performance
2026-06-26 11:52:19 [INFO]    [Progress: 31.25%]  Analysis of sam2/sam2_image_predictor.py completed.
2026-06-26 11:52:19 [INFO]    [Progress: 32.81%]  Start the analysis of sam2/benchmark.py.
2026-06-26 11:52:19 [WARNING] [Progress: 32.81%]  The dir is writable by others: /home/orange/pipeline_tool/sam2/sam2.
2026-06-26 11:52:19 [INFO]    [Progress: 32.81%]  Analysis of sam2/benchmark.py completed.
2026-06-26 11:52:19 [INFO]    [Progress: 34.38%]  Start the analysis of sam2/sam2_video_predictor.py.
2026-06-26 11:52:19 [WARNING] [Progress: 34.38%]  The dir is writable by others: /home/orange/pipeline_tool/sam2/sam2.
2026-06-26 11:52:19 [WARNING] [Progress: 34.38%]  line: 985 ~ 990 Operation Type: UNSUPPORTED Message: NA
2026-06-26 11:52:19 [WARNING] [Progress: 34.38%]  line: 992 ~ 997 Operation Type: UNSUPPORTED Message: NA
2026-06-26 11:52:19 [WARNING] [Progress: 34.38%]  line: 999 ~ 1004 Operation Type: UNSUPPORTED Message: NA
2026-06-26 11:52:19 [WARNING] [Progress: 34.38%]  line: 1006 ~ 1011 Operation Type: UNSUPPORTED Message: NA
2026-06-26 11:52:19 [INFO]    [Progress: 34.38%]  line: 215 ~ 215 Operation Type: SUGGESTION Message: to has a suggestion about performance
2026-06-26 11:52:19 [INFO]    [Progress: 34.38%]  line: 218 ~ 218 Operation Type: SUGGESTION Message: to has a suggestion about performance
2026-06-26 11:52:19 [INFO]    [Progress: 34.38%]  line: 219 ~ 219 Operation Type: SUGGESTION Message: to has a suggestion about performance
2026-06-26 11:52:19 [INFO]    [Progress: 34.38%]  line: 317 ~ 317 Operation Type: SUGGESTION Message: to has a suggestion about performance
2026-06-26 11:52:19 [INFO]    [Progress: 34.38%]  line: 506 ~ 506 Operation Type: SUGGESTION Message: to has a suggestion about performance
2026-06-26 11:52:19 [INFO]    [Progress: 34.38%]  line: 713 ~ 713 Operation Type: SUGGESTION Message: to has a suggestion about performance
2026-06-26 11:52:19 [INFO]    [Progress: 34.38%]  line: 781 ~ 781 Operation Type: SUGGESTION Message: to has a suggestion about performance
2026-06-26 11:52:19 [INFO]    [Progress: 34.38%]  line: 833 ~ 833 Operation Type: SUGGESTION Message: to has a suggestion about performance
2026-06-26 11:52:19 [INFO]    [Progress: 34.38%]  Analysis of sam2/sam2_video_predictor.py completed.
2026-06-26 11:52:19 [INFO]    [Progress: 35.94%]  Start the analysis of sam2/sam2_video_predictor_legacy.py.
2026-06-26 11:52:19 [WARNING] [Progress: 35.94%]  The dir is writable by others: /home/orange/pipeline_tool/sam2/sam2.
2026-06-26 11:52:20 [INFO]    [Progress: 35.94%]  line: 236 ~ 236 Operation Type: SUGGESTION Message: to has a suggestion about performance
2026-06-26 11:52:20 [INFO]    [Progress: 35.94%]  line: 239 ~ 239 Operation Type: SUGGESTION Message: to has a suggestion about performance
2026-06-26 11:52:20 [INFO]    [Progress: 35.94%]  line: 240 ~ 240 Operation Type: SUGGESTION Message: to has a suggestion about performance
2026-06-26 11:52:20 [INFO]    [Progress: 35.94%]  line: 338 ~ 338 Operation Type: SUGGESTION Message: to has a suggestion about performance
2026-06-26 11:52:20 [INFO]    [Progress: 35.94%]  line: 888 ~ 888 Operation Type: SUGGESTION Message: to has a suggestion about performance
2026-06-26 11:52:20 [INFO]    [Progress: 35.94%]  line: 956 ~ 956 Operation Type: SUGGESTION Message: to has a suggestion about performance
2026-06-26 11:52:20 [INFO]    [Progress: 35.94%]  line: 1008 ~ 1008 Operation Type: SUGGESTION Message: to has a suggestion about performance
2026-06-26 11:52:20 [INFO]    [Progress: 35.94%]  Analysis of sam2/sam2_video_predictor_legacy.py completed.
2026-06-26 11:52:20 [INFO]    [Progress: 37.50%]  Start the analysis of sam2/utils/__init__.py.
2026-06-26 11:52:20 [WARNING] [Progress: 37.50%]  The dir is writable by others: /home/orange/pipeline_tool/sam2/sam2/utils.
2026-06-26 11:52:20 [INFO]    [Progress: 37.50%]  Analysis of sam2/utils/__init__.py completed.
2026-06-26 11:52:20 [INFO]    [Progress: 39.06%]  Start the analysis of sam2/utils/transforms.py.
2026-06-26 11:52:20 [WARNING] [Progress: 39.06%]  The dir is writable by others: /home/orange/pipeline_tool/sam2/sam2/utils.
2026-06-26 11:52:20 [INFO]    [Progress: 39.06%]  Analysis of sam2/utils/transforms.py completed.
2026-06-26 11:52:20 [INFO]    [Progress: 40.62%]  Start the analysis of sam2/utils/amg.py.
2026-06-26 11:52:20 [WARNING] [Progress: 40.62%]  The dir is writable by others: /home/orange/pipeline_tool/sam2/sam2/utils.
2026-06-26 11:52:20 [INFO]    [Progress: 40.62%]  Analysis of sam2/utils/amg.py completed.
2026-06-26 11:52:20 [INFO]    [Progress: 42.19%]  Start the analysis of sam2/utils/misc.py.
2026-06-26 11:52:20 [WARNING] [Progress: 42.19%]  The dir is writable by others: /home/orange/pipeline_tool/sam2/sam2/utils.
2026-06-26 11:52:20 [WARNING] [Progress: 42.19%]  line: 63 ~ 63 Operation Type: UNSUPPORTED Message: User-defined CUDA Operator.
2026-06-26 11:52:20 [INFO]    [Progress: 42.19%]  line: 63 ~ 63 Operation Type: SUGGESTION Message: to has a suggestion about performance
2026-06-26 11:52:20 [INFO]    [Progress: 42.19%]  line: 271 ~ 271 Operation Type: SUGGESTION Message: to has a suggestion about performance
2026-06-26 11:52:20 [INFO]    [Progress: 42.19%]  line: 272 ~ 272 Operation Type: SUGGESTION Message: to has a suggestion about performance
2026-06-26 11:52:20 [INFO]    [Progress: 42.19%]  line: 273 ~ 273 Operation Type: SUGGESTION Message: to has a suggestion about performance
2026-06-26 11:52:20 [INFO]    [Progress: 42.19%]  line: 303 ~ 303 Operation Type: SUGGESTION Message: to has a suggestion about performance
2026-06-26 11:52:20 [INFO]    [Progress: 42.19%]  line: 304 ~ 304 Operation Type: SUGGESTION Message: to has a suggestion about performance
2026-06-26 11:52:20 [INFO]    [Progress: 42.19%]  line: 305 ~ 305 Operation Type: SUGGESTION Message: to has a suggestion about performance
2026-06-26 11:52:20 [INFO]    [Progress: 42.19%]  Analysis of sam2/utils/misc.py completed.
2026-06-26 11:52:20 [INFO]    [Progress: 43.75%]  Start the analysis of sam2/modeling/__init__.py.
2026-06-26 11:52:20 [WARNING] [Progress: 43.75%]  The dir is writable by others: /home/orange/pipeline_tool/sam2/sam2/modeling.
2026-06-26 11:52:20 [INFO]    [Progress: 43.75%]  Analysis of sam2/modeling/__init__.py completed.
2026-06-26 11:52:20 [INFO]    [Progress: 45.31%]  Start the analysis of sam2/modeling/position_encoding.py.
2026-06-26 11:52:20 [WARNING] [Progress: 45.31%]  The dir is writable by others: /home/orange/pipeline_tool/sam2/sam2/modeling.
2026-06-26 11:52:20 [INFO]    [Progress: 45.31%]  line: 93 ~ 93 Operation Type: SUGGESTION Message: to has a suggestion about performance
2026-06-26 11:52:20 [INFO]    [Progress: 45.31%]  line: 176 ~ 176 Operation Type: SUGGESTION Message: to has a suggestion about performance
2026-06-26 11:52:20 [INFO]    [Progress: 45.31%]  line: 228 ~ 228 Operation Type: SUGGESTION Message: to has a suggestion about performance
2026-06-26 11:52:20 [INFO]    [Progress: 45.31%]  line: 239 ~ 239 Operation Type: SUGGESTION Message: to has a suggestion about performance
2026-06-26 11:52:20 [INFO]    [Progress: 45.31%]  line: 239 ~ 239 Operation Type: SUGGESTION Message: to has a suggestion about performance
2026-06-26 11:52:20 [INFO]    [Progress: 45.31%]  Analysis of sam2/modeling/position_encoding.py completed.
2026-06-26 11:52:20 [INFO]    [Progress: 46.88%]  Start the analysis of sam2/modeling/memory_attention.py.
2026-06-26 11:52:20 [WARNING] [Progress: 46.88%]  The dir is writable by others: /home/orange/pipeline_tool/sam2/sam2/modeling.
2026-06-26 11:52:20 [INFO]    [Progress: 46.88%]  line: 39 ~ 39 Operation Type: SUGGESTION Message: torch.nn.Linear has a suggestion about performance
2026-06-26 11:52:20 [INFO]    [Progress: 46.88%]  line: 41 ~ 41 Operation Type: SUGGESTION Message: torch.nn.Linear has a suggestion about performance
2026-06-26 11:52:20 [INFO]    [Progress: 46.88%]  Analysis of sam2/modeling/memory_attention.py completed.
2026-06-26 11:52:20 [INFO]    [Progress: 48.44%]  Start the analysis of sam2/modeling/sam2_base.py.
2026-06-26 11:52:20 [WARNING] [Progress: 48.44%]  The dir is writable by others: /home/orange/pipeline_tool/sam2/sam2/modeling.
2026-06-26 11:52:21 [WARNING] [Progress: 48.44%]  line: 190 ~ 195 Operation Type: UNSUPPORTED Message: NA
2026-06-26 11:52:21 [INFO]    [Progress: 48.44%]  line: 243 ~ 243 Operation Type: SUGGESTION Message: torch.nn.Linear has a suggestion about performance
2026-06-26 11:52:21 [INFO]    [Progress: 48.44%]  line: 253 ~ 253 Operation Type: SUGGESTION Message: torch.nn.Linear has a suggestion about performance
2026-06-26 11:52:21 [INFO]    [Progress: 48.44%]  line: 578 ~ 578 Operation Type: SUGGESTION Message: to has a suggestion about performance
2026-06-26 11:52:21 [INFO]    [Progress: 48.44%]  Analysis of sam2/modeling/sam2_base.py completed.
2026-06-26 11:52:21 [INFO]    [Progress: 50.00%]  Start the analysis of sam2/modeling/memory_encoder.py.
2026-06-26 11:52:21 [WARNING] [Progress: 50.00%]  The dir is writable by others: /home/orange/pipeline_tool/sam2/sam2/modeling.
2026-06-26 11:52:21 [INFO]    [Progress: 50.00%]  line: 92 ~ 94 Operation Type: SUGGESTION Message: torch.nn.Linear has a suggestion about performance
2026-06-26 11:52:21 [INFO]    [Progress: 50.00%]  line: 96 ~ 96 Operation Type: SUGGESTION Message: torch.nn.Linear has a suggestion about performance
2026-06-26 11:52:21 [INFO]    [Progress: 50.00%]  line: 172 ~ 172 Operation Type: SUGGESTION Message: to has a suggestion about performance
2026-06-26 11:52:21 [INFO]    [Progress: 50.00%]  line: 179 ~ 179 Operation Type: SUGGESTION Message: to has a suggestion about performance
2026-06-26 11:52:21 [INFO]    [Progress: 50.00%]  Analysis of sam2/modeling/memory_encoder.py completed.
2026-06-26 11:52:21 [INFO]    [Progress: 51.56%]  Start the analysis of sam2/modeling/sam2_utils.py.
2026-06-26 11:52:21 [WARNING] [Progress: 51.56%]  The dir is writable by others: /home/orange/pipeline_tool/sam2/sam2/modeling.
2026-06-26 11:52:21 [INFO]    [Progress: 51.56%]  line: 126 ~ 126 Operation Type: SUGGESTION Message: torch.nn.Linear has a suggestion about performance
2026-06-26 11:52:21 [INFO]    [Progress: 51.56%]  line: 248 ~ 248 Operation Type: SUGGESTION Message: to has a suggestion about performance
2026-06-26 11:52:21 [INFO]    [Progress: 51.56%]  line: 312 ~ 312 Operation Type: SUGGESTION Message: to has a suggestion about performance
2026-06-26 11:52:21 [INFO]    [Progress: 51.56%]  line: 313 ~ 313 Operation Type: SUGGESTION Message: to has a suggestion about performance
2026-06-26 11:52:21 [INFO]    [Progress: 51.56%]  Analysis of sam2/modeling/sam2_utils.py completed.
2026-06-26 11:52:21 [INFO]    [Progress: 53.12%]  Start the analysis of sam2/modeling/backbones/__init__.py.
2026-06-26 11:52:21 [WARNING] [Progress: 53.12%]  The dir is writable by others: /home/orange/pipeline_tool/sam2/sam2/modeling/backbones.
2026-06-26 11:52:21 [INFO]    [Progress: 53.12%]  Analysis of sam2/modeling/backbones/__init__.py completed.
2026-06-26 11:52:21 [INFO]    [Progress: 54.69%]  Start the analysis of sam2/modeling/backbones/utils.py.
2026-06-26 11:52:21 [WARNING] [Progress: 54.69%]  The dir is writable by others: /home/orange/pipeline_tool/sam2/sam2/modeling/backbones.
2026-06-26 11:52:21 [INFO]    [Progress: 54.69%]  Analysis of sam2/modeling/backbones/utils.py completed.
2026-06-26 11:52:21 [INFO]    [Progress: 56.25%]  Start the analysis of sam2/modeling/backbones/image_encoder.py.
2026-06-26 11:52:21 [WARNING] [Progress: 56.25%]  The dir is writable by others: /home/orange/pipeline_tool/sam2/sam2/modeling/backbones.
2026-06-26 11:52:21 [INFO]    [Progress: 56.25%]  line: 117 ~ 117 Operation Type: SUGGESTION Message: to has a suggestion about performance
2026-06-26 11:52:21 [INFO]    [Progress: 56.25%]  line: 132 ~ 132 Operation Type: SUGGESTION Message: to has a suggestion about performance
2026-06-26 11:52:21 [INFO]    [Progress: 56.25%]  Analysis of sam2/modeling/backbones/image_encoder.py completed.
2026-06-26 11:52:21 [INFO]    [Progress: 57.81%]  Start the analysis of sam2/modeling/backbones/hieradet.py.
2026-06-26 11:52:21 [WARNING] [Progress: 57.81%]  The dir is writable by others: /home/orange/pipeline_tool/sam2/sam2/modeling/backbones.
2026-06-26 11:52:21 [WARNING] [Progress: 57.81%]  line: 110 ~ 112 Operation Type: UNSUPPORTED Message: NA
2026-06-26 11:52:21 [INFO]    [Progress: 57.81%]  line: 53 ~ 53 Operation Type: SUGGESTION Message: torch.nn.Linear has a suggestion about performance
2026-06-26 11:52:21 [INFO]    [Progress: 57.81%]  line: 54 ~ 54 Operation Type: SUGGESTION Message: torch.nn.Linear has a suggestion about performance
2026-06-26 11:52:21 [INFO]    [Progress: 57.81%]  line: 132 ~ 132 Operation Type: SUGGESTION Message: torch.nn.Linear has a suggestion about performance
2026-06-26 11:52:21 [INFO]    [Progress: 57.81%]  Analysis of sam2/modeling/backbones/hieradet.py completed.
2026-06-26 11:52:21 [INFO]    [Progress: 59.38%]  Start the analysis of sam2/modeling/sam/__init__.py.
2026-06-26 11:52:21 [WARNING] [Progress: 59.38%]  The dir is writable by others: /home/orange/pipeline_tool/sam2/sam2/modeling/sam.
2026-06-26 11:52:21 [INFO]    [Progress: 59.38%]  Analysis of sam2/modeling/sam/__init__.py completed.
2026-06-26 11:52:21 [INFO]    [Progress: 60.94%]  Start the analysis of sam2/modeling/sam/prompt_encoder.py.
2026-06-26 11:52:21 [WARNING] [Progress: 60.94%]  The dir is writable by others: /home/orange/pipeline_tool/sam2/sam2/modeling/sam.
2026-06-26 11:52:21 [INFO]    [Progress: 60.94%]  line: 48 ~ 48 Operation Type: SUGGESTION Message: torch.nn.Embedding has a suggestion about precision
2026-06-26 11:52:21 [INFO]    [Progress: 60.94%]  line: 51 ~ 51 Operation Type: SUGGESTION Message: torch.nn.Embedding has a suggestion about precision
2026-06-26 11:52:21 [INFO]    [Progress: 60.94%]  line: 66 ~ 66 Operation Type: SUGGESTION Message: torch.nn.Embedding has a suggestion about precision
2026-06-26 11:52:21 [INFO]    [Progress: 60.94%]  Analysis of sam2/modeling/sam/prompt_encoder.py completed.
2026-06-26 11:52:21 [INFO]    [Progress: 62.50%]  Start the analysis of sam2/modeling/sam/mask_decoder.py.
2026-06-26 11:52:21 [WARNING] [Progress: 62.50%]  The dir is writable by others: /home/orange/pipeline_tool/sam2/sam2/modeling/sam.
2026-06-26 11:52:21 [INFO]    [Progress: 62.50%]  line: 56 ~ 56 Operation Type: SUGGESTION Message: torch.nn.Embedding has a suggestion about precision
2026-06-26 11:52:21 [INFO]    [Progress: 62.50%]  line: 58 ~ 58 Operation Type: SUGGESTION Message: torch.nn.Embedding has a suggestion about precision
2026-06-26 11:52:21 [INFO]    [Progress: 62.50%]  line: 62 ~ 62 Operation Type: SUGGESTION Message: torch.nn.Embedding has a suggestion about precision
2026-06-26 11:52:21 [INFO]    [Progress: 62.50%]  line: 100 ~ 100 Operation Type: SUGGESTION Message: torch.nn.Linear has a suggestion about performance
2026-06-26 11:52:21 [INFO]    [Progress: 62.50%]  Analysis of sam2/modeling/sam/mask_decoder.py completed.
2026-06-26 11:52:21 [INFO]    [Progress: 64.06%]  Start the analysis of sam2/modeling/sam/transformer.py.
2026-06-26 11:52:21 [WARNING] [Progress: 64.06%]  The dir is writable by others: /home/orange/pipeline_tool/sam2/sam2/modeling/sam.
2026-06-26 11:52:21 [INFO]    [Progress: 64.06%]  line: 213 ~ 213 Operation Type: SUGGESTION Message: torch.nn.Linear has a suggestion about performance
2026-06-26 11:52:21 [INFO]    [Progress: 64.06%]  line: 214 ~ 214 Operation Type: SUGGESTION Message: torch.nn.Linear has a suggestion about performance
2026-06-26 11:52:21 [INFO]    [Progress: 64.06%]  line: 215 ~ 215 Operation Type: SUGGESTION Message: torch.nn.Linear has a suggestion about performance
2026-06-26 11:52:21 [INFO]    [Progress: 64.06%]  line: 216 ~ 216 Operation Type: SUGGESTION Message: torch.nn.Linear has a suggestion about performance
2026-06-26 11:52:21 [INFO]    [Progress: 64.06%]  line: 271 ~ 271 Operation Type: SUGGESTION Message: to has a suggestion about performance
2026-06-26 11:52:21 [INFO]    [Progress: 64.06%]  line: 290 ~ 290 Operation Type: SUGGESTION Message: to has a suggestion about performance
2026-06-26 11:52:21 [INFO]    [Progress: 64.06%]  line: 292 ~ 292 Operation Type: SUGGESTION Message: to has a suggestion about performance
2026-06-26 11:52:21 [INFO]    [Progress: 64.06%]  Analysis of sam2/modeling/sam/transformer.py completed.
2026-06-26 11:52:21 [INFO]    [Progress: 65.62%]  Start the analysis of training/loss_fns.py.
2026-06-26 11:52:21 [WARNING] [Progress: 65.62%]  The dir is writable by others: /home/orange/pipeline_tool/sam2/training.
2026-06-26 11:52:21 [INFO]    [Progress: 65.62%]  Analysis of training/loss_fns.py completed.
2026-06-26 11:52:21 [INFO]    [Progress: 67.19%]  Start the analysis of training/__init__.py.
2026-06-26 11:52:21 [WARNING] [Progress: 67.19%]  The dir is writable by others: /home/orange/pipeline_tool/sam2/training.
2026-06-26 11:52:21 [INFO]    [Progress: 67.19%]  Analysis of training/__init__.py completed.
2026-06-26 11:52:21 [INFO]    [Progress: 68.75%]  Start the analysis of training/train.py.
2026-06-26 11:52:21 [WARNING] [Progress: 68.75%]  The dir is writable by others: /home/orange/pipeline_tool/sam2/training.
2026-06-26 11:52:22 [INFO]    [Progress: 68.75%]  Analysis of training/train.py completed.
2026-06-26 11:52:22 [INFO]    [Progress: 70.31%]  Start the analysis of training/optimizer.py.
2026-06-26 11:52:22 [WARNING] [Progress: 70.31%]  The dir is writable by others: /home/orange/pipeline_tool/sam2/training.
2026-06-26 11:52:22 [WARNING] [Progress: 70.31%]  line: 394 ~ 396 Operation Type: UNSUPPORTED Message: NA
2026-06-26 11:52:22 [INFO]    [Progress: 70.31%]  Analysis of training/optimizer.py completed.
2026-06-26 11:52:22 [INFO]    [Progress: 71.88%]  Start the analysis of training/trainer.py.
2026-06-26 11:52:22 [WARNING] [Progress: 71.88%]  The dir is writable by others: /home/orange/pipeline_tool/sam2/training.
2026-06-26 11:52:22 [INFO]    [Progress: 71.88%]  line: 295 ~ 299 Operation Type: SUGGESTION Message: torch.nn.parallel.DistributedDataParallel has a suggestion about performance
2026-06-26 11:52:22 [INFO]    [Progress: 71.88%]  line: 318 ~ 318 Operation Type: SUGGESTION Message: to has a suggestion about performance
2026-06-26 11:52:22 [INFO]    [Progress: 71.88%]  Analysis of training/trainer.py completed.
2026-06-26 11:52:22 [INFO]    [Progress: 73.44%]  Start the analysis of training/utils/logger.py.
2026-06-26 11:52:22 [WARNING] [Progress: 73.44%]  The dir is writable by others: /home/orange/pipeline_tool/sam2/training/utils.
2026-06-26 11:52:22 [INFO]    [Progress: 73.44%]  Analysis of training/utils/logger.py completed.
2026-06-26 11:52:22 [INFO]    [Progress: 75.00%]  Start the analysis of training/utils/__init__.py.
2026-06-26 11:52:22 [WARNING] [Progress: 75.00%]  The dir is writable by others: /home/orange/pipeline_tool/sam2/training/utils.
2026-06-26 11:52:22 [INFO]    [Progress: 75.00%]  Analysis of training/utils/__init__.py completed.
2026-06-26 11:52:22 [INFO]    [Progress: 76.56%]  Start the analysis of training/utils/data_utils.py.
2026-06-26 11:52:22 [WARNING] [Progress: 76.56%]  The dir is writable by others: /home/orange/pipeline_tool/sam2/training/utils.
2026-06-26 11:52:22 [INFO]    [Progress: 76.56%]  line: 149 ~ 149 Operation Type: SUGGESTION Message: to has a suggestion about performance
2026-06-26 11:52:22 [INFO]    [Progress: 76.56%]  Analysis of training/utils/data_utils.py completed.
2026-06-26 11:52:22 [INFO]    [Progress: 78.12%]  Start the analysis of training/utils/distributed.py.
2026-06-26 11:52:22 [WARNING] [Progress: 78.12%]  The dir is writable by others: /home/orange/pipeline_tool/sam2/training/utils.
2026-06-26 11:52:23 [INFO]    [Progress: 78.12%]  line: 143 ~ 143 Operation Type: SUGGESTION Message: to has a suggestion about performance
2026-06-26 11:52:23 [INFO]    [Progress: 78.12%]  line: 393 ~ 398 Operation Type: SUGGESTION Message: torch.nn.parallel.DistributedDataParallel has a suggestion about performance
2026-06-26 11:52:23 [INFO]    [Progress: 78.12%]  line: 401 ~ 408 Operation Type: SUGGESTION Message: torch.nn.parallel.DistributedDataParallel has a suggestion about performance
2026-06-26 11:52:23 [INFO]    [Progress: 78.12%]  Analysis of training/utils/distributed.py completed.
2026-06-26 11:52:23 [INFO]    [Progress: 79.69%]  Start the analysis of training/utils/checkpoint_utils.py.
2026-06-26 11:52:23 [WARNING] [Progress: 79.69%]  The dir is writable by others: /home/orange/pipeline_tool/sam2/training/utils.
2026-06-26 11:52:23 [INFO]    [Progress: 79.69%]  Analysis of training/utils/checkpoint_utils.py completed.
2026-06-26 11:52:23 [INFO]    [Progress: 81.25%]  Start the analysis of training/utils/train_utils.py.
2026-06-26 11:52:23 [WARNING] [Progress: 81.25%]  The dir is writable by others: /home/orange/pipeline_tool/sam2/training/utils.
2026-06-26 11:52:23 [INFO]    [Progress: 81.25%]  Analysis of training/utils/train_utils.py completed.
2026-06-26 11:52:23 [INFO]    [Progress: 82.81%]  Start the analysis of training/scripts/sav_frame_extraction_submitit.py.
2026-06-26 11:52:23 [WARNING] [Progress: 82.81%]  The dir is writable by others: /home/orange/pipeline_tool/sam2/training/scripts.
2026-06-26 11:52:23 [INFO]    [Progress: 82.81%]  Analysis of training/scripts/sav_frame_extraction_submitit.py completed.
2026-06-26 11:52:23 [INFO]    [Progress: 84.38%]  Start the analysis of training/model/__init__.py.
2026-06-26 11:52:23 [WARNING] [Progress: 84.38%]  The dir is writable by others: /home/orange/pipeline_tool/sam2/training/model.
2026-06-26 11:52:23 [INFO]    [Progress: 84.38%]  Analysis of training/model/__init__.py completed.
2026-06-26 11:52:23 [INFO]    [Progress: 85.94%]  Start the analysis of training/model/sam2.py.
2026-06-26 11:52:23 [WARNING] [Progress: 85.94%]  The dir is writable by others: /home/orange/pipeline_tool/sam2/training/model.
2026-06-26 11:52:23 [INFO]    [Progress: 85.94%]  Analysis of training/model/sam2.py completed.
2026-06-26 11:52:23 [INFO]    [Progress: 87.50%]  Start the analysis of training/dataset/vos_dataset.py.
2026-06-26 11:52:23 [WARNING] [Progress: 87.50%]  The dir is writable by others: /home/orange/pipeline_tool/sam2/training/dataset.
2026-06-26 11:52:23 [INFO]    [Progress: 87.50%]  line: 111 ~ 111 Operation Type: SUGGESTION Message: to has a suggestion about performance
2026-06-26 11:52:23 [INFO]    [Progress: 87.50%]  Analysis of training/dataset/vos_dataset.py completed.
2026-06-26 11:52:23 [INFO]    [Progress: 89.06%]  Start the analysis of training/dataset/vos_sampler.py.
2026-06-26 11:52:23 [WARNING] [Progress: 89.06%]  The dir is writable by others: /home/orange/pipeline_tool/sam2/training/dataset.
2026-06-26 11:52:23 [INFO]    [Progress: 89.06%]  Analysis of training/dataset/vos_sampler.py completed.
2026-06-26 11:52:23 [INFO]    [Progress: 90.62%]  Start the analysis of training/dataset/__init__.py.
2026-06-26 11:52:23 [WARNING] [Progress: 90.62%]  The dir is writable by others: /home/orange/pipeline_tool/sam2/training/dataset.
2026-06-26 11:52:23 [INFO]    [Progress: 90.62%]  Analysis of training/dataset/__init__.py completed.
2026-06-26 11:52:23 [INFO]    [Progress: 92.19%]  Start the analysis of training/dataset/transforms.py.
2026-06-26 11:52:23 [WARNING] [Progress: 92.19%]  The dir is writable by others: /home/orange/pipeline_tool/sam2/training/dataset.
2026-06-26 11:52:23 [INFO]    [Progress: 92.19%]  Analysis of training/dataset/transforms.py completed.
2026-06-26 11:52:23 [INFO]    [Progress: 93.75%]  Start the analysis of training/dataset/vos_segment_loader.py.
2026-06-26 11:52:23 [WARNING] [Progress: 93.75%]  The dir is writable by others: /home/orange/pipeline_tool/sam2/training/dataset.
2026-06-26 11:52:23 [INFO]    [Progress: 93.75%]  Analysis of training/dataset/vos_segment_loader.py completed.
2026-06-26 11:52:23 [INFO]    [Progress: 95.31%]  Start the analysis of training/dataset/utils.py.
2026-06-26 11:52:23 [WARNING] [Progress: 95.31%]  The dir is writable by others: /home/orange/pipeline_tool/sam2/training/dataset.
2026-06-26 11:52:23 [INFO]    [Progress: 95.31%]  Analysis of training/dataset/utils.py completed.
2026-06-26 11:52:23 [INFO]    [Progress: 96.88%]  Start the analysis of training/dataset/sam2_datasets.py.
2026-06-26 11:52:23 [WARNING] [Progress: 96.88%]  The dir is writable by others: /home/orange/pipeline_tool/sam2/training/dataset.
2026-06-26 11:52:24 [INFO]    [Progress: 96.88%]  line: 171 ~ 178 Operation Type: SUGGESTION Message: torch.utils.data.DataLoader has a suggestion about performance
2026-06-26 11:52:24 [INFO]    [Progress: 96.88%]  Analysis of training/dataset/sam2_datasets.py completed.
2026-06-26 11:52:24 [INFO]    [Progress: 98.44%]  Start the analysis of training/dataset/vos_raw_dataset.py.
2026-06-26 11:52:24 [WARNING] [Progress: 98.44%]  The dir is writable by others: /home/orange/pipeline_tool/sam2/training/dataset.
2026-06-26 11:52:24 [INFO]    [Progress: 98.44%]  Analysis of training/dataset/vos_raw_dataset.py completed.
2026-06-26 11:52:24 [INFO]    [Progress:100.00%]  Analyse run succeeded, welcome to the next use.
2026-06-26 11:52:24 [INFO]    The detailed transplant result files are in the output path you defined, the relative path is sam2_analysis.
+----------------------------+------------+
|           files            | statistics |
+----------------------------+------------+
| api_performance_advice.csv |     70     |
|      cuda_op_list.csv      |     64     |
|    unsupported_api.csv     |     8      |
|      unknown_api.csv       |     66     |
|  api_precision_advice.csv  |     6      |
+----------------------------+------------+
