using ASCEND_HOME_PATH: /usr/local/Ascend/ascend-toolkit/latest
Preset CMake variables:

  ASCEND_CANN_PACKAGE_PATH:PATH="/usr/local/Ascend/ascend-toolkit/latest"
  ASCEND_COMPUTE_UNIT:STRING="ascend310p"
  ASCEND_PACK_SHARED_LIBRARY:BOOL="False"
  CMAKE_BUILD_TYPE:STRING="Release"
  CMAKE_CROSS_PLATFORM_COMPILER:PATH="/usr/bin/aarch64-linux-gnu-g++"
  CMAKE_INSTALL_PREFIX:PATH="/home/orange/pipeline_tool/AscendDevTool/op_builder/ops_src/FurthestPointSamplingSample/FrameworkLaunch/FurthestPointSampling/build_out"
  ENABLE_BINARY_PACKAGE:BOOL="True"
  ENABLE_CROSS_COMPILE:BOOL="False"
  ENABLE_SOURCE_PACKAGE:BOOL="True"
  ENABLE_TEST:BOOL="True"
  vendor_name:STRING="customize"

-- The C compiler identification is GNU 11.4.0
-- The CXX compiler identification is GNU 11.4.0
-- Detecting C compiler ABI info
-- Detecting C compiler ABI info - done
-- Check for working C compiler: /usr/bin/cc - skipped
-- Detecting C compile features
-- Detecting C compile features - done
-- Detecting CXX compiler ABI info
-- Detecting CXX compiler ABI info - done
-- Check for working CXX compiler: /usr/bin/c++ - skipped
-- Detecting CXX compile features
-- Detecting CXX compile features - done
-- Opbuild generating sources
-- Opbuild generating sources - done
-- Configuring done
-- Generating done
CMake Warning:
  Manually-specified variables were not used by the project:

    CMAKE_CROSS_PLATFORM_COMPILER


-- Build files have been written to: /home/orange/pipeline_tool/AscendDevTool/op_builder/ops_src/FurthestPointSamplingSample/FrameworkLaunch/FurthestPointSampling/build_out
[ 66%] Building CXX object op_host/CMakeFiles/cust_optiling.dir/furthest_point_sampling.cpp.o
[ 66%] Generating tbe/op_info_cfg/ai_core/ascend310p/aic-ascend310p-ops-info.json


==============check valid for ops info start==============
==============check valid for ops info end================


Compile op info cfg successfully.
[ 66%] Built target ops_info_gen_ascend310p
[100%] Linking CXX shared library libcust_opmaster_rt2.0.so
[100%] Built target cust_optiling
[ascend310p] Generating FurthestPointSampling_b481547e47b6086e653b76257b94eb98 ...
[ascend310p] Generating FurthestPointSampling_367044ccab2f7a8e163132f56338a8dd ...
[INFO] RUNTIME(1539616,python3):2026-07-09-10:50:57.469.520 [task_fail_callback_data_manager.cc:58] 1539616 TaskFailCallBackManager: Constructor.
[EVENT] PROFILING(1539616,python3):2026-07-09-10:50:57.487.903 [msprof_callback_impl.cpp:359] >>> (tid:1539616) Started to register profiling ctrl callback.
[EVENT] PROFILING(1539616,python3):2026-07-09-10:50:57.487.997 [msprof_callback_impl.cpp:366] >>> (tid:1539616) Started to register profiling hash id callback.
[INFO] PROFILING(1539616,python3):2026-07-09-10:50:57.488.001 [prof_atls_plugin.cpp:115] (tid:1539616) RegisterProfileCallback, callback type is 7
[EVENT] PROFILING(1539616,python3):2026-07-09-10:50:57.488.004 [msprof_callback_impl.cpp:373] >>> (tid:1539616) Started to register profiling enable host freq callback.
[INFO] PROFILING(1539616,python3):2026-07-09-10:50:57.488.007 [prof_atls_plugin.cpp:115] (tid:1539616) RegisterProfileCallback, callback type is 8
[EVENT] PROFILING(1539616,python3):2026-07-09-10:50:57.488.009 [msprof_callback_impl.cpp:380] >>> (tid:1539616) Started to register profiling typeId callback.
[INFO] PROFILING(1539616,python3):2026-07-09-10:50:57.488.011 [prof_atls_plugin.cpp:115] (tid:1539616) RegisterProfileCallback, callback type is 6
[INFO] PROFILING(1539616,python3):2026-07-09-10:50:57.526.002 [prof_atls_plugin.cpp:215] (tid:1539616) Module[61] register callback of ctrl handle.
Opc tool start working now, please wait for a moment.
[INFO] RUNTIME(1539616,python3):2026-07-09-10:50:59.229.156 [task_fail_callback_data_manager.cc:63] 1539616 ~TaskFailCallBackManager: Destructor.
[INFO] ATRACE(1539616,python3):2026-07-09-10:50:59.403.435 [stacktrace_signal.c:194](tid:1539616) unregister all signal handlers, can not capture signal.
/home/orange/pipeline_tool/AscendDevTool/op_builder/ops_src/FurthestPointSamplingSample/FrameworkLaunch/FurthestPointSampling/build_out/op_kernel/binary/ascend310p/furthest_point_sampling/FurthestPointSampling_b481547e47b6086e653b76257b94eb98.json not generated!
make[4]: *** [/home/orange/pipeline_tool/AscendDevTool/op_builder/ops_src/FurthestPointSamplingSample/FrameworkLaunch/FurthestPointSampling/build_out/op_kernel/FurthestPointSampling_ascend310p/furthest_point_sampling.make:5：furthest_point_sampling1] 错误 1
make[4]: *** 正在等待未完成的任务....
[INFO] RUNTIME(1539614,python3):2026-07-09-10:50:57.675.813 [task_fail_callback_data_manager.cc:58] 1539614 TaskFailCallBackManager: Constructor.
[EVENT] PROFILING(1539614,python3):2026-07-09-10:50:57.694.100 [msprof_callback_impl.cpp:359] >>> (tid:1539614) Started to register profiling ctrl callback.
[EVENT] PROFILING(1539614,python3):2026-07-09-10:50:57.694.183 [msprof_callback_impl.cpp:366] >>> (tid:1539614) Started to register profiling hash id callback.
[INFO] PROFILING(1539614,python3):2026-07-09-10:50:57.694.186 [prof_atls_plugin.cpp:115] (tid:1539614) RegisterProfileCallback, callback type is 7
[EVENT] PROFILING(1539614,python3):2026-07-09-10:50:57.694.189 [msprof_callback_impl.cpp:373] >>> (tid:1539614) Started to register profiling enable host freq callback.
[INFO] PROFILING(1539614,python3):2026-07-09-10:50:57.694.191 [prof_atls_plugin.cpp:115] (tid:1539614) RegisterProfileCallback, callback type is 8
[EVENT] PROFILING(1539614,python3):2026-07-09-10:50:57.694.192 [msprof_callback_impl.cpp:380] >>> (tid:1539614) Started to register profiling typeId callback.
[INFO] PROFILING(1539614,python3):2026-07-09-10:50:57.694.194 [prof_atls_plugin.cpp:115] (tid:1539614) RegisterProfileCallback, callback type is 6
[INFO] PROFILING(1539614,python3):2026-07-09-10:50:57.731.152 [prof_atls_plugin.cpp:215] (tid:1539614) Module[61] register callback of ctrl handle.
Opc tool start working now, please wait for a moment.
[INFO] RUNTIME(1539614,python3):2026-07-09-10:50:59.443.118 [task_fail_callback_data_manager.cc:63] 1539614 ~TaskFailCallBackManager: Destructor.
[INFO] ATRACE(1539614,python3):2026-07-09-10:50:59.608.064 [stacktrace_signal.c:194](tid:1539614) unregister all signal handlers, can not capture signal.
/home/orange/pipeline_tool/AscendDevTool/op_builder/ops_src/FurthestPointSamplingSample/FrameworkLaunch/FurthestPointSampling/build_out/op_kernel/binary/ascend310p/furthest_point_sampling/FurthestPointSampling_367044ccab2f7a8e163132f56338a8dd.json not generated!
make[4]: *** [/home/orange/pipeline_tool/AscendDevTool/op_builder/ops_src/FurthestPointSamplingSample/FrameworkLaunch/FurthestPointSampling/build_out/op_kernel/FurthestPointSampling_ascend310p/furthest_point_sampling.make:3：furthest_point_sampling0] 错误 1
Traceback (most recent call last):
  File "/home/orange/pipeline_tool/AscendDevTool/op_builder/ops_src/FurthestPointSamplingSample/FrameworkLaunch/FurthestPointSampling/cmake/util/ascendc_compile_kernel.py", line 219, in <module>
    kernel_builder.ascendc_build()
  File "/home/orange/pipeline_tool/AscendDevTool/op_builder/ops_src/FurthestPointSamplingSample/FrameworkLaunch/FurthestPointSampling/cmake/util/ascendc_compile_kernel.py", line 162, in ascendc_build
    raise RuntimeError('Kernel Compilation Error: OpType {} Kernel File {}!'.format(
RuntimeError: Kernel Compilation Error: OpType FurthestPointSampling Kernel File /home/orange/pipeline_tool/AscendDevTool/op_builder/ops_src/FurthestPointSamplingSample/FrameworkLaunch/FurthestPointSampling/op_kernel/furthest_point_sampling.cpp!
gmake[3]: *** [op_kernel/CMakeFiles/FurthestPointSampling_ascend310p.dir/build.make:70：op_kernel/CMakeFiles/FurthestPointSampling_ascend310p] 错误 1
gmake[2]: *** [CMakeFiles/Makefile2:425：op_kernel/CMakeFiles/FurthestPointSampling_ascend310p.dir/all] 错误 2
gmake[1]: *** [CMakeFiles/Makefile2:379：op_kernel/CMakeFiles/binary.dir/rule] 错误 2
gmake: *** [Makefile:293：binary] 错误 2
Error: could not load cache
