-- The C compiler identification is GNU 11.4.0
-- The CXX compiler identification is GNU 11.4.0
-- Detecting C compiler ABI info
-- Detecting C compiler ABI info - done
-- Check for working C compiler: /usr/bin/cc - skipped
-- Detecting C compile features
-- Detecting C compile features - done
-- Detecting CXX compiler ABI info
-- Detecting CXX compiler ABI info - done
-- Check for working CXX compiler: /usr/bin/c++ - skipped
-- Detecting CXX compile features
-- Detecting CXX compile features - done
-- Opbuild generating sources
build ops lib info: 
build ops lib error: In file included from /home/orange/pipeline_tool/AscendDevTool/op_builder/ops_src/pointnet2__ext_furthest_point_samplingSample/FrameworkLaunch/pointnet2__ext_furthest_point_sampling/op_host/pointnet2__ext_furthest_point_sampling.cpp:1:
/home/orange/pipeline_tool/AscendDevTool/op_builder/ops_src/pointnet2__ext_furthest_point_samplingSample/FrameworkLaunch/pointnet2__ext_furthest_point_sampling/op_host/pointnet2__ext_furthest_point_sampling_tiling.h:2:10: fatal error: register/tilingdata_base.h: 没有那个文件或目录
    2 | #include "register/tilingdata_base.h"
      |          ^~~~~~~~~~~~~~~~~~~~~~~~~~~~
compilation terminated.

CMake Error at cmake/func.cmake:29 (message):
  opbuild run failed!
Call Stack (most recent call first):
  op_host/CMakeLists.txt:4 (opbuild)


-- Configuring incomplete, errors occurred!
See also "/home/orange/pipeline_tool/AscendDevTool/op_builder/ops_src/pointnet2__ext_furthest_point_samplingSample/FrameworkLaunch/pointnet2__ext_furthest_point_sampling/build_out/CMakeFiles/CMakeOutput.log".
make: 进入目录“/home/orange/pipeline_tool/AscendDevTool/op_builder/ops_src/pointnet2__ext_furthest_point_samplingSample/FrameworkLaunch/pointnet2__ext_furthest_point_sampling/build_out”
make: *** 没有指明目标并且找不到 makefile。 停止。
make: 离开目录“/home/orange/pipeline_tool/AscendDevTool/op_builder/ops_src/pointnet2__ext_furthest_point_samplingSample/FrameworkLaunch/pointnet2__ext_furthest_point_sampling/build_out”
========== 4. INSTALL (归库): pointnet2__ext_furthest_point_sampling ==========
[ERROR] 找不到安装包 /home/orange/pipeline_tool/AscendDevTool/op_builder/ops_src/pointnet2__ext_furthest_point_samplingSample/FrameworkLaunch/pointnet2__ext_furthest_point_sampling/build_out/*.run！请确认编译成功。
