/home/orange/miniconda3/envs/torch_npu/lib/python3.10/site-packages/torch_npu/utils/collect_env.py:58: UserWarning: Warning: The /usr/local/Ascend/ascend-toolkit/latest owner does not match the current owner.
  warnings.warn(f"Warning: The {path} owner does not match the current owner.")
/home/orange/miniconda3/envs/torch_npu/lib/python3.10/site-packages/torch_npu/utils/collect_env.py:58: UserWarning: Warning: The /usr/local/Ascend/ascend-toolkit/8.3.RC1/x86_64-linux/ascend_toolkit_install.info owner does not match the current owner.
  warnings.warn(f"Warning: The {path} owner does not match the current owner.")
/home/orange/miniconda3/envs/torch_npu/lib/python3.10/site-packages/torch_npu/utils/collect_env.py:58: UserWarning: Warning: The /usr/local/Ascend/ascend-toolkit/latest owner does not match the current owner.
  warnings.warn(f"Warning: The {path} owner does not match the current owner.")
/home/orange/miniconda3/envs/torch_npu/lib/python3.10/site-packages/torch_npu/utils/collect_env.py:58: UserWarning: Warning: The /usr/local/Ascend/ascend-toolkit/8.3.RC1/x86_64-linux/ascend_toolkit_install.info owner does not match the current owner.
  warnings.warn(f"Warning: The {path} owner does not match the current owner.")
/home/orange/miniconda3/envs/torch_npu/lib/python3.10/site-packages/timm/models/layers/__init__.py:49: FutureWarning: Importing from timm.models.layers is deprecated, please import via timm.layers
  warnings.warn(f"Importing from {__name__} is deprecated, please import via timm.layers", FutureWarning)
/home/orange/pipeline_tool/ascenddev_output/GroundingDINO_NPU/groundingdino/models/GroundingDINO/ms_deform_attn.py:33: UserWarning: Failed to load custom C++ ops. Running on CPU mode Only!
  warnings.warn("Failed to load custom C++ ops. Running on CPU mode Only!")
/home/orange/miniconda3/envs/torch_npu/lib/python3.10/site-packages/torch/functional.py:539: UserWarning: torch.meshgrid: in an upcoming release, it will be required to pass the indexing argument. (Triggered internally at /pytorch/aten/src/ATen/native/TensorShape.cpp:3637.)
  return _VF.meshgrid(tensors, **kwargs)  # type: ignore[attr-defined]
'(MaxRetryError("HTTPSConnectionPool(host='huggingface.co', port=443): Max retries exceeded with url: /bert-base-uncased/resolve/main/tokenizer_config.json (Caused by ProxyError('Unable to connect to proxy', OSError('Tunnel connection failed: 504 Gateway Time-out')))"), '(Request ID: a7b00ea1-3b64-4934-a151-f093ab6071d9)')' thrown while requesting HEAD https://huggingface.co/bert-base-uncased/resolve/main/tokenizer_config.json
Retrying in 1s [Retry 1/5].
'(MaxRetryError("HTTPSConnectionPool(host='huggingface.co', port=443): Max retries exceeded with url: /bert-base-uncased/resolve/main/tokenizer_config.json (Caused by ProxyError('Unable to connect to proxy', OSError('Tunnel connection failed: 504 Gateway Time-out')))"), '(Request ID: cf254428-0ebb-43ae-b99a-a55a5103fae8)')' thrown while requesting HEAD https://huggingface.co/bert-base-uncased/resolve/main/tokenizer_config.json
Retrying in 2s [Retry 2/5].
'(MaxRetryError("HTTPSConnectionPool(host='huggingface.co', port=443): Max retries exceeded with url: /bert-base-uncased/resolve/main/tokenizer_config.json (Caused by ProxyError('Unable to connect to proxy', OSError('Tunnel connection failed: 504 Gateway Time-out')))"), '(Request ID: 50795040-65a2-4aeb-862b-1a950bf46ca6)')' thrown while requesting HEAD https://huggingface.co/bert-base-uncased/resolve/main/tokenizer_config.json
Retrying in 4s [Retry 3/5].
'(MaxRetryError("HTTPSConnectionPool(host='huggingface.co', port=443): Max retries exceeded with url: /bert-base-uncased/resolve/main/tokenizer_config.json (Caused by ProxyError('Unable to connect to proxy', OSError('Tunnel connection failed: 504 Gateway Time-out')))"), '(Request ID: 484677c3-eed6-490b-886f-f8f1116b3bfb)')' thrown while requesting HEAD https://huggingface.co/bert-base-uncased/resolve/main/tokenizer_config.json
Retrying in 8s [Retry 4/5].
'(MaxRetryError("HTTPSConnectionPool(host='huggingface.co', port=443): Max retries exceeded with url: /bert-base-uncased/resolve/main/tokenizer_config.json (Caused by ProxyError('Unable to connect to proxy', OSError('Tunnel connection failed: 504 Gateway Time-out')))"), '(Request ID: 686df6da-dee9-44c7-8339-efe67e52a401)')' thrown while requesting HEAD https://huggingface.co/bert-base-uncased/resolve/main/tokenizer_config.json
Retrying in 8s [Retry 5/5].
'(MaxRetryError("HTTPSConnectionPool(host='huggingface.co', port=443): Max retries exceeded with url: /bert-base-uncased/resolve/main/tokenizer_config.json (Caused by ProxyError('Unable to connect to proxy', OSError('Tunnel connection failed: 504 Gateway Time-out')))"), '(Request ID: 4056d593-11c6-415a-a8e8-cbb73998e59c)')' thrown while requesting HEAD https://huggingface.co/bert-base-uncased/resolve/main/tokenizer_config.json
final text_encoder_type: bert-base-uncased
Traceback (most recent call last):
  File "/home/orange/miniconda3/envs/torch_npu/lib/python3.10/site-packages/urllib3/connectionpool.py", line 774, in urlopen
    self._prepare_proxy(conn)
  File "/home/orange/miniconda3/envs/torch_npu/lib/python3.10/site-packages/urllib3/connectionpool.py", line 1055, in _prepare_proxy
    conn.connect()
  File "/home/orange/miniconda3/envs/torch_npu/lib/python3.10/site-packages/urllib3/connection.py", line 776, in connect
    self._tunnel()
  File "/home/orange/miniconda3/envs/torch_npu/lib/python3.10/site-packages/urllib3/connection.py", line 275, in _tunnel
    raise OSError(
OSError: Tunnel connection failed: 504 Gateway Time-out

The above exception was the direct cause of the following exception:

urllib3.exceptions.ProxyError: ('Unable to connect to proxy', OSError('Tunnel connection failed: 504 Gateway Time-out'))

The above exception was the direct cause of the following exception:

Traceback (most recent call last):
  File "/home/orange/miniconda3/envs/torch_npu/lib/python3.10/site-packages/requests/adapters.py", line 645, in send
    resp = conn.urlopen(
  File "/home/orange/miniconda3/envs/torch_npu/lib/python3.10/site-packages/urllib3/connectionpool.py", line 842, in urlopen
    retries = retries.increment(
  File "/home/orange/miniconda3/envs/torch_npu/lib/python3.10/site-packages/urllib3/util/retry.py", line 543, in increment
    raise MaxRetryError(_pool, url, reason) from reason  # type: ignore[arg-type]
urllib3.exceptions.MaxRetryError: HTTPSConnectionPool(host='huggingface.co', port=443): Max retries exceeded with url: /bert-base-uncased/resolve/main/tokenizer_config.json (Caused by ProxyError('Unable to connect to proxy', OSError('Tunnel connection failed: 504 Gateway Time-out')))

During handling of the above exception, another exception occurred:

Traceback (most recent call last):
  File "/home/orange/pipeline_tool/ascenddev_output/GroundingDINO_NPU/test.py", line 10, in <module>
    model = load_model(model_config_path="/home/orange/Documents/Lingshu-1130/src/eai_perception/eai_perception/submodules/GroundingDINO/groundingdino/config/GroundingDINO_SwinT_OGC.py",model_checkpoint_path= "/home/orange/Documents/Lingshu-1130/src/eai_perception/eai_perception/weights/GroundingDINO/groundingdino_swint_ogc.pth",device = 'npu')
  File "/home/orange/pipeline_tool/ascenddev_output/GroundingDINO_NPU/groundingdino/util/inference.py", line 45, in load_model
    model = build_model(args)
  File "/home/orange/pipeline_tool/ascenddev_output/GroundingDINO_NPU/groundingdino/models/__init__.py", line 17, in build_model
    model = build_func(args)
  File "/home/orange/pipeline_tool/ascenddev_output/GroundingDINO_NPU/groundingdino/models/GroundingDINO/groundingdino.py", line 390, in build_groundingdino
    model = GroundingDINO(
  File "/home/orange/pipeline_tool/ascenddev_output/GroundingDINO_NPU/groundingdino/models/GroundingDINO/groundingdino.py", line 109, in __init__
    self.tokenizer = get_tokenlizer.get_tokenlizer(text_encoder_type)
  File "/home/orange/pipeline_tool/ascenddev_output/GroundingDINO_NPU/groundingdino/util/get_tokenlizer.py", line 19, in get_tokenlizer
    tokenizer = AutoTokenizer.from_pretrained(text_encoder_type)
  File "/home/orange/.local/lib/python3.10/site-packages/transformers/models/auto/tokenization_auto.py", line 826, in from_pretrained
    tokenizer_config = get_tokenizer_config(pretrained_model_name_or_path, **kwargs)
  File "/home/orange/.local/lib/python3.10/site-packages/transformers/models/auto/tokenization_auto.py", line 658, in get_tokenizer_config
    resolved_config_file = cached_file(
  File "/home/orange/.local/lib/python3.10/site-packages/transformers/utils/hub.py", line 402, in cached_file
    resolved_file = hf_hub_download(
  File "/home/orange/miniconda3/envs/torch_npu/lib/python3.10/site-packages/huggingface_hub/utils/_validators.py", line 114, in _inner_fn
    return fn(*args, **kwargs)
  File "/home/orange/miniconda3/envs/torch_npu/lib/python3.10/site-packages/huggingface_hub/file_download.py", line 1014, in hf_hub_download
    return _hf_hub_download_to_cache_dir(
  File "/home/orange/miniconda3/envs/torch_npu/lib/python3.10/site-packages/huggingface_hub/file_download.py", line 1077, in _hf_hub_download_to_cache_dir
    (url_to_download, etag, commit_hash, expected_size, xet_file_data, head_call_error) = _get_metadata_or_catch_error(
  File "/home/orange/miniconda3/envs/torch_npu/lib/python3.10/site-packages/huggingface_hub/file_download.py", line 1550, in _get_metadata_or_catch_error
    metadata = get_hf_file_metadata(
  File "/home/orange/miniconda3/envs/torch_npu/lib/python3.10/site-packages/huggingface_hub/utils/_validators.py", line 114, in _inner_fn
    return fn(*args, **kwargs)
  File "/home/orange/miniconda3/envs/torch_npu/lib/python3.10/site-packages/huggingface_hub/file_download.py", line 1467, in get_hf_file_metadata
    r = _request_wrapper(
  File "/home/orange/miniconda3/envs/torch_npu/lib/python3.10/site-packages/huggingface_hub/file_download.py", line 283, in _request_wrapper
    response = _request_wrapper(
  File "/home/orange/miniconda3/envs/torch_npu/lib/python3.10/site-packages/huggingface_hub/file_download.py", line 306, in _request_wrapper
    response = http_backoff(method=method, url=url, **params)
  File "/home/orange/miniconda3/envs/torch_npu/lib/python3.10/site-packages/huggingface_hub/utils/_http.py", line 326, in http_backoff
    raise err
  File "/home/orange/miniconda3/envs/torch_npu/lib/python3.10/site-packages/huggingface_hub/utils/_http.py", line 307, in http_backoff
    response = session.request(method=method, url=url, **kwargs)
  File "/home/orange/miniconda3/envs/torch_npu/lib/python3.10/site-packages/requests/sessions.py", line 592, in request
    resp = self.send(prep, **send_kwargs)
  File "/home/orange/miniconda3/envs/torch_npu/lib/python3.10/site-packages/requests/sessions.py", line 706, in send
    r = adapter.send(request, **kwargs)
  File "/home/orange/miniconda3/envs/torch_npu/lib/python3.10/site-packages/huggingface_hub/utils/_http.py", line 96, in send
    return super().send(request, *args, **kwargs)
  File "/home/orange/miniconda3/envs/torch_npu/lib/python3.10/site-packages/requests/adapters.py", line 672, in send
    raise ProxyError(e, request=request)
requests.exceptions.ProxyError: (MaxRetryError("HTTPSConnectionPool(host='huggingface.co', port=443): Max retries exceeded with url: /bert-base-uncased/resolve/main/tokenizer_config.json (Caused by ProxyError('Unable to connect to proxy', OSError('Tunnel connection failed: 504 Gateway Time-out')))"), '(Request ID: 4056d593-11c6-415a-a8e8-cbb73998e59c)')
[ERROR] 2026-06-29-10:35:19 (PID:365646, Device:-1, RankID:-1) ERR99999 UNKNOWN applicaiton exception
