[INIT] 17:35:22 ========================================
[INIT] 17:35:22 AscendDevTool 环境初始化（不安装 SAM-6D 依赖）
[INIT] 17:35:22 PIPELINE_ROOT=/home/orange/pipeline_tool
[INIT] 17:35:22 TOOL_DIR=/home/orange/pipeline_tool/AscendDevTool
[INIT] 17:35:22 ========================================
[INIT] 17:35:22 1/3 Git 拉取 AscendDevTool...
已经是最新的。
[INIT] 17:35:23   ✅ git pull
[INIT] 17:35:23 2/3 创建虚拟环境 + 安装工具依赖...
Looking in indexes: https://pypi.tuna.tsinghua.edu.cn/simple
Collecting PySide6
  Using cached https://pypi.tuna.tsinghua.edu.cn/packages/d8/de/af89d71410c83b10654d86ff9aff2a4f87c30163658f1cc145242e222526/pyside6-6.11.1-cp310-abi3-manylinux_2_34_x86_64.whl (572 kB)
Collecting libcst
  Using cached https://pypi.tuna.tsinghua.edu.cn/packages/b9/ab/f5433988acc3b4d188c4bb154e57837df9488cc9ab551267cdeabd3bb5e7/libcst-1.8.6-cp313-cp313-manylinux_2_28_x86_64.whl (2.3 MB)
Collecting shiboken6==6.11.1 (from PySide6)
  Using cached https://pypi.tuna.tsinghua.edu.cn/packages/c7/9b/e0355d8897b5c150770f1d95718aad17d432fcc9c035c04f3f58427d4693/shiboken6-6.11.1-cp310-abi3-manylinux_2_34_x86_64.whl (272 kB)
Collecting PySide6_Essentials==6.11.1 (from PySide6)
  Using cached https://pypi.tuna.tsinghua.edu.cn/packages/5c/49/0e1237c4400bec7e335d2c4eeb49bc40d9fd88a9ac44ca9083ce1abdc308/pyside6_essentials-6.11.1-cp310-abi3-manylinux_2_34_x86_64.whl (79.9 MB)
Collecting PySide6_Addons==6.11.1 (from PySide6)
  Using cached https://pypi.tuna.tsinghua.edu.cn/packages/dd/62/fb1428a523b2a4541e232aab50d9e789e6b4526f37fd9593452a7ea5b6b3/pyside6_addons-6.11.1-cp310-abi3-manylinux_2_34_x86_64.whl (175.1 MB)
Collecting pyyaml-ft>=8.0.0 (from libcst)
  Using cached https://pypi.tuna.tsinghua.edu.cn/packages/35/be/58a4dcae8854f2fdca9b28d9495298fd5571a50d8430b1c3033ec95d2d0e/pyyaml_ft-8.0.0-cp313-cp313-manylinux_2_17_x86_64.manylinux2014_x86_64.whl (778 kB)
Installing collected packages: shiboken6, pyyaml-ft, PySide6_Essentials, libcst, PySide6_Addons, PySide6

Successfully installed PySide6-6.11.1 PySide6_Addons-6.11.1 PySide6_Essentials-6.11.1 libcst-1.8.6 pyyaml-ft-8.0.0 shiboken6-6.11.1

[notice] A new release of pip is available: 25.3 -> 26.1.2
[notice] To update, run: pip install --upgrade pip
[INIT] 17:35:32   ✅ PySide6 + libcst
Looking in indexes: https://pypi.tuna.tsinghua.edu.cn/simple
Collecting pandas
  Using cached https://pypi.tuna.tsinghua.edu.cn/packages/99/68/1237369725aa617bb358263d535803e3053fdbc593513ec5ed9c9896b5b6/pandas-3.0.3-cp313-cp313-manylinux_2_24_x86_64.manylinux_2_28_x86_64.whl (10.9 MB)
Collecting prettytable
  Using cached https://pypi.tuna.tsinghua.edu.cn/packages/fe/be/2e6798ace5cc036f5d05d36b7b2fd85346f1a708c87060890b070d0ec607/prettytable-3.18.0-py3-none-any.whl (37 kB)
Collecting numpy>=1.26.0 (from pandas)
  Using cached https://pypi.tuna.tsinghua.edu.cn/packages/32/4e/8d7656ccaab3e81e97258b8a9bc5f0c8502513a92fb4ceb0a2cbfebc17bf/numpy-2.5.0-cp313-cp313-manylinux_2_27_x86_64.manylinux_2_28_x86_64.whl (16.6 MB)
Collecting python-dateutil>=2.8.2 (from pandas)
  Using cached https://pypi.tuna.tsinghua.edu.cn/packages/ec/57/56b9bcc3c9c6a792fcbaf139543cee77261f3651ca9da0c93f5c1221264b/python_dateutil-2.9.0.post0-py2.py3-none-any.whl (229 kB)
Collecting wcwidth>=0.3.5 (from prettytable)
  Using cached https://pypi.tuna.tsinghua.edu.cn/packages/bd/6e/95b0e537de1f4d4301f76f944642c6da50d1511cc7b3d64dc418a66c7509/wcwidth-0.8.1-py3-none-any.whl (323 kB)
Collecting six>=1.5 (from python-dateutil>=2.8.2->pandas)
  Using cached https://pypi.tuna.tsinghua.edu.cn/packages/b7/ce/149a00dd41f10bc29e5921b496af8b574d8413afcd5e30dfa0ed46c2cc5e/six-1.17.0-py2.py3-none-any.whl (11 kB)
Installing collected packages: wcwidth, six, numpy, python-dateutil, prettytable, pandas

ERROR: pip's dependency resolver does not currently take into account all the packages that are installed. This behaviour is the source of the following dependency conflicts.
auto-tune 0.1.0 requires decorator, which is not installed.
asc-opc-tool 0.1.0 requires attrs, which is not installed.
asc-opc-tool 0.1.0 requires decorator, which is not installed.
asc-opc-tool 0.1.0 requires psutil, which is not installed.
dataflow 0.0.1 requires jinja2, which is not installed.
te 0.4.0 requires attrs, which is not installed.
te 0.4.0 requires cloudpickle, which is not installed.
te 0.4.0 requires decorator, which is not installed.
te 0.4.0 requires ml-dtypes, which is not installed.
te 0.4.0 requires psutil, which is not installed.
te 0.4.0 requires scipy, which is not installed.
te 0.4.0 requires tornado, which is not installed.
schedule-search 0.0.1 requires absl-py, which is not installed.
schedule-search 0.0.1 requires decorator, which is not installed.
opc-tool 0.1.0 requires attrs, which is not installed.
opc-tool 0.1.0 requires decorator, which is not installed.
opc-tool 0.1.0 requires psutil, which is not installed.
Successfully installed numpy-2.5.0 pandas-3.0.3 prettytable-3.18.0 python-dateutil-2.9.0.post0 six-1.17.0 wcwidth-0.8.1

[notice] A new release of pip is available: 25.3 -> 26.1.2
[notice] To update, run: pip install --upgrade pip
[INIT] 17:35:40   ✅ pandas + prettytable
[INIT] 17:35:40 3/3 目录准备 + Git 配置...
[INIT] 17:35:40   ✅ git config
