Downloading: "https://dl.fbaipublicfiles.com/mae/pretrain/mae_pretrain_vit_base.pth" to checkpoints/mae_pretrain_vit_base.pth
=> creating model ...
Traceback (most recent call last):
  File "/home/orange/miniconda3/envs/torch_npu/lib/python3.10/urllib/request.py", line 1348, in do_open
    h.request(req.get_method(), req.selector, req.data, headers,
  File "/home/orange/miniconda3/envs/torch_npu/lib/python3.10/http/client.py", line 1303, in request
    self._send_request(method, url, body, headers, encode_chunked)
  File "/home/orange/miniconda3/envs/torch_npu/lib/python3.10/http/client.py", line 1349, in _send_request
    self.endheaders(body, encode_chunked=encode_chunked)
  File "/home/orange/miniconda3/envs/torch_npu/lib/python3.10/http/client.py", line 1298, in endheaders
    self._send_output(message_body, encode_chunked=encode_chunked)
  File "/home/orange/miniconda3/envs/torch_npu/lib/python3.10/http/client.py", line 1058, in _send_output
    self.send(msg)
  File "/home/orange/miniconda3/envs/torch_npu/lib/python3.10/http/client.py", line 996, in send
    self.connect()
  File "/home/orange/miniconda3/envs/torch_npu/lib/python3.10/http/client.py", line 1475, in connect
    self.sock = self._context.wrap_socket(self.sock,
  File "/home/orange/miniconda3/envs/torch_npu/lib/python3.10/ssl.py", line 513, in wrap_socket
    return self.sslsocket_class._create(
  File "/home/orange/miniconda3/envs/torch_npu/lib/python3.10/ssl.py", line 1104, in _create
    self.do_handshake()
  File "/home/orange/miniconda3/envs/torch_npu/lib/python3.10/ssl.py", line 1375, in do_handshake
    self._sslobj.do_handshake()
ssl.SSLCertVerificationError: [SSL: CERTIFICATE_VERIFY_FAILED] certificate verify failed: self-signed certificate in certificate chain (_ssl.c:1017)

During handling of the above exception, another exception occurred:

Traceback (most recent call last):
  File "/home/orange/pipeline_tool/ascenddev_output/SAM-6D_NPU/SAM-6D/Pose_Estimation_Model/run_inference_custom.py", line 266, in <module>
    model = MODEL.Net(cfg.model)
  File "/home/orange/pipeline_tool/ascenddev_output/SAM-6D_NPU/SAM-6D/Pose_Estimation_Model/../Pose_Estimation_Model/model/pose_estimation_model.py", line 18, in __init__
    self.feature_extraction = ViTEncoder(cfg.feature_extraction, self.fine_npoint)
  File "/home/orange/pipeline_tool/ascenddev_output/SAM-6D_NPU/SAM-6D/Pose_Estimation_Model/../Pose_Estimation_Model/model/feature_extraction.py", line 126, in __init__
    self.rgb_net = ViT_AE(cfg)
  File "/home/orange/pipeline_tool/ascenddev_output/SAM-6D_NPU/SAM-6D/Pose_Estimation_Model/../Pose_Estimation_Model/model/feature_extraction.py", line 83, in __init__
    model_zoo.load_url('https://dl.fbaipublicfiles.com/mae/pretrain/mae_pretrain_'+ self.vit_type +'.pth', 'checkpoints')
  File "/home/orange/miniconda3/envs/torch_npu/lib/python3.10/site-packages/torch/hub.py", line 867, in load_state_dict_from_url
    download_url_to_file(url, cached_file, hash_prefix, progress=progress)
  File "/home/orange/miniconda3/envs/torch_npu/lib/python3.10/site-packages/torch/hub.py", line 708, in download_url_to_file
    u = urlopen(req)
  File "/home/orange/miniconda3/envs/torch_npu/lib/python3.10/urllib/request.py", line 216, in urlopen
    return opener.open(url, data, timeout)
  File "/home/orange/miniconda3/envs/torch_npu/lib/python3.10/urllib/request.py", line 519, in open
    response = self._open(req, data)
  File "/home/orange/miniconda3/envs/torch_npu/lib/python3.10/urllib/request.py", line 536, in _open
    result = self._call_chain(self.handle_open, protocol, protocol +
  File "/home/orange/miniconda3/envs/torch_npu/lib/python3.10/urllib/request.py", line 496, in _call_chain
    result = func(*args)
  File "/home/orange/miniconda3/envs/torch_npu/lib/python3.10/urllib/request.py", line 1391, in https_open
    return self.do_open(http.client.HTTPSConnection, req,
  File "/home/orange/miniconda3/envs/torch_npu/lib/python3.10/urllib/request.py", line 1351, in do_open
    raise URLError(err)
urllib.error.URLError: <urlopen error [SSL: CERTIFICATE_VERIFY_FAILED] certificate verify failed: self-signed certificate in certificate chain (_ssl.c:1017)>
