/home/orange/miniconda3/envs/torch_npu/lib/python3.10/site-packages/torch_npu/utils/collect_env.py:58: UserWarning: Warning: The /usr/local/Ascend/ascend-toolkit/latest owner does not match the current owner.
  warnings.warn(f"Warning: The {path} owner does not match the current owner.")
/home/orange/miniconda3/envs/torch_npu/lib/python3.10/site-packages/torch_npu/utils/collect_env.py:58: UserWarning: Warning: The /usr/local/Ascend/ascend-toolkit/8.3.RC1/x86_64-linux/ascend_toolkit_install.info owner does not match the current owner.
  warnings.warn(f"Warning: The {path} owner does not match the current owner.")
/home/orange/miniconda3/envs/torch_npu/lib/python3.10/site-packages/torch_npu/utils/collect_env.py:58: UserWarning: Warning: The /usr/local/Ascend/ascend-toolkit/latest owner does not match the current owner.
  warnings.warn(f"Warning: The {path} owner does not match the current owner.")
/home/orange/miniconda3/envs/torch_npu/lib/python3.10/site-packages/torch_npu/utils/collect_env.py:58: UserWarning: Warning: The /usr/local/Ascend/ascend-toolkit/8.3.RC1/x86_64-linux/ascend_toolkit_install.info owner does not match the current owner.
  warnings.warn(f"Warning: The {path} owner does not match the current owner.")
[W626 14:13:58.935781452 op_api_common.cpp:37] Warning: A common user is using the files of the root user. (function operator())
/home/orange/miniconda3/envs/torch_npu/lib/python3.10/site-packages/torch_npu/utils/storage.py:41: UserWarning: TypedStorage is deprecated. It will be removed in the future and UntypedStorage will be the only storage class. This should only matter to you if you are using storages directly.  To access UntypedStorage directly, use tensor.untyped_storage() instead of tensor.storage()
  if self.device.type != 'cpu':
开始性能拆解测试（共 10 次）...
第 01 次 -> Encoder:   20.63ms | Decoder: 806.78ms | Total:  827.40ms
第 02 次 -> Encoder:   19.23ms | Decoder: 807.16ms | Total:  826.40ms
第 03 次 -> Encoder:   21.40ms | Decoder: 807.96ms | Total:  829.36ms
第 04 次 -> Encoder:   31.90ms | Decoder: 795.18ms | Total:  827.08ms
第 05 次 -> Encoder:   25.83ms | Decoder: 800.37ms | Total:  826.20ms
第 06 次 -> Encoder:   25.53ms | Decoder: 801.16ms | Total:  826.70ms
第 07 次 -> Encoder:   26.73ms | Decoder: 801.10ms | Total:  827.82ms
第 08 次 -> Encoder:   19.34ms | Decoder: 808.80ms | Total:  828.14ms
第 09 次 -> Encoder:   18.86ms | Decoder: 808.08ms | Total:  826.94ms
第 10 次 -> Encoder:   18.76ms | Decoder: 809.06ms | Total:  827.82ms

==================================================
 推理性能统计报告 
平均 Encoder (set_image) :      22.82 ms (2.8%)
平均 Decoder (predict)   :     804.57 ms (97.2%)
平均总耗时 (End-to-End)  :     827.39 ms
平均 FPS (端到端)        :       1.21
==================================================
