[OP-LOOP] 10:58:21 === 第 1/9999 轮 (FurthestPointSampling) ===
[OP-LOOP] 10:58:21 执行 op_pipeline_run.sh FurthestPointSampling...
[OP FurthestPointSampling R01] 10:58:21 1/4 编译算子...
[OP FurthestPointSampling R01] 10:58:29 编译成功
[OP FurthestPointSampling R01] 10:58:29 2/4 精度验证...
[OP FurthestPointSampling R01] 10:58:30 精度验证通过
[OP FurthestPointSampling R01] 10:58:30 3/4 安装算子...
[OP FurthestPointSampling R01] 10:58:30 安装成功
[OP FurthestPointSampling R01] 10:58:30 4/4 运行测试...
[OP FurthestPointSampling R01] 10:58:30 已设置自定义算子路径: /home/orange/pipeline_tool/AscendDevTool/oplib/custom_opp_packages
[OP FurthestPointSampling R01] 10:58:30 运行测试: /home/orange/pipeline_tool/AscendDevTool/op_builder/ops_src/test_FurthestPointSampling.py
[OP FurthestPointSampling R01] 10:59:02 ❌ 测试失败
[OP FurthestPointSampling R01] 10:59:02 完成
[OP-LOOP] 10:59:02 op_pipeline_run.sh 退出码: 0
来自 https://github.com/dsg-lzt/ascendevtool
 * branch            master     -> FETCH_HEAD
Merge made by the 'ort' strategy.
 environment.txt | 37 ++++++++++++++++++++++---------------
 1 file changed, 22 insertions(+), 15 deletions(-)
[OP-LOOP] 11:00:27 执行 op_pipeline_run.sh FurthestPointSampling...
[OP FurthestPointSampling R02] 11:00:27 1/4 编译算子...
[OP FurthestPointSampling R02] 11:00:36 编译成功
[OP FurthestPointSampling R02] 11:00:36 2/4 精度验证...
[OP FurthestPointSampling R02] 11:00:36 精度验证通过
[OP FurthestPointSampling R02] 11:00:36 3/4 安装算子...
[OP FurthestPointSampling R02] 11:00:37 安装成功
[OP FurthestPointSampling R02] 11:00:37 4/4 运行测试...
[OP FurthestPointSampling R02] 11:00:37 已设置自定义算子路径: /home/orange/pipeline_tool/AscendDevTool/oplib/custom_opp_packages
[OP FurthestPointSampling R02] 11:00:37 运行测试: /home/orange/pipeline_tool/AscendDevTool/op_builder/ops_src/test_FurthestPointSampling.py
[OP FurthestPointSampling R02] 11:01:08 ❌ 测试失败
[OP FurthestPointSampling R02] 11:01:08 完成
[OP-LOOP] 11:01:08 op_pipeline_run.sh 退出码: 0
