/home/orange/miniconda3/envs/torch_npu/lib/python3.10/site-packages/torch_npu/utils/collect_env.py:58: UserWarning: Warning: The /usr/local/Ascend/ascend-toolkit/latest owner does not match the current owner.
  warnings.warn(f"Warning: The {path} owner does not match the current owner.")
/home/orange/miniconda3/envs/torch_npu/lib/python3.10/site-packages/torch_npu/utils/collect_env.py:58: UserWarning: Warning: The /usr/local/Ascend/ascend-toolkit/8.3.RC1/x86_64-linux/ascend_toolkit_install.info owner does not match the current owner.
  warnings.warn(f"Warning: The {path} owner does not match the current owner.")
/home/orange/miniconda3/envs/torch_npu/lib/python3.10/site-packages/torch_npu/utils/collect_env.py:58: UserWarning: Warning: The /usr/local/Ascend/ascend-toolkit/latest owner does not match the current owner.
  warnings.warn(f"Warning: The {path} owner does not match the current owner.")
/home/orange/miniconda3/envs/torch_npu/lib/python3.10/site-packages/torch_npu/utils/collect_env.py:58: UserWarning: Warning: The /usr/local/Ascend/ascend-toolkit/8.3.RC1/x86_64-linux/ascend_toolkit_install.info owner does not match the current owner.
  warnings.warn(f"Warning: The {path} owner does not match the current owner.")
/home/orange/miniconda3/envs/torch_npu/lib/python3.10/site-packages/timm/models/layers/__init__.py:49: FutureWarning: Importing from timm.models.layers is deprecated, please import via timm.layers
  warnings.warn(f"Importing from {__name__} is deprecated, please import via timm.layers", FutureWarning)
/home/orange/pipeline_tool/ascenddev_output/GroundingDINO_NPU/groundingdino/models/GroundingDINO/ms_deform_attn.py:33: UserWarning: Failed to load custom C++ ops. Running on CPU mode Only!
  warnings.warn("Failed to load custom C++ ops. Running on CPU mode Only!")
/home/orange/miniconda3/envs/torch_npu/lib/python3.10/site-packages/torch/functional.py:539: UserWarning: torch.meshgrid: in an upcoming release, it will be required to pass the indexing argument. (Triggered internally at /pytorch/aten/src/ATen/native/TensorShape.cpp:3637.)
  return _VF.meshgrid(tensors, **kwargs)  # type: ignore[attr-defined]
final text_encoder_type: bert-base-uncased
开始 GroundingDINO GPU 性能测试（共 5 次迭代）...
[W706 09:57:02.276311044 op_api_common.cpp:37] Warning: A common user is using the files of the root user. (function operator())
/home/orange/.local/lib/python3.10/site-packages/transformers/modeling_utils.py:1060: FutureWarning: The `device` argument is deprecated and will be removed in v5 of Transformers.
  warnings.warn(
/home/orange/miniconda3/envs/torch_npu/lib/python3.10/site-packages/torch/_dynamo/eval_frame.py:745: UserWarning: torch.utils.checkpoint: the use_reentrant parameter should be passed explicitly. In version 2.5 we will raise an exception if use_reentrant is not passed. use_reentrant=False is recommended, but if you need to preserve the current default behavior, you can pass use_reentrant=True. Refer to docs for more details on the differences between the two variants.
  return fn(*args, **kwargs)
/home/orange/miniconda3/envs/torch_npu/lib/python3.10/site-packages/torch/utils/checkpoint.py:87: UserWarning: None of the inputs have requires_grad=True. Gradients will be None
  warnings.warn(
/home/orange/miniconda3/envs/torch_npu/lib/python3.10/site-packages/torch/_dynamo/eval_frame.py:745: UserWarning: torch.utils.checkpoint: the use_reentrant parameter should be passed explicitly. In version 2.5 we will raise an exception if use_reentrant is not passed. use_reentrant=False is recommended, but if you need to preserve the current default behavior, you can pass use_reentrant=True. Refer to docs for more details on the differences between the two variants.
  return fn(*args, **kwargs)
/home/orange/miniconda3/envs/torch_npu/lib/python3.10/site-packages/torch/utils/checkpoint.py:87: UserWarning: None of the inputs have requires_grad=True. Gradients will be None
  warnings.warn(
/home/orange/.local/lib/python3.10/site-packages/transformers/modeling_utils.py:1060: FutureWarning: The `device` argument is deprecated and will be removed in v5 of Transformers.
  warnings.warn(
第 01 次推理耗时: 614.04 ms
第 02 次推理耗时: 616.66 ms
第 03 次推理耗时: 614.65 ms
第 04 次推理耗时: 620.34 ms
第 05 次推理耗时: 620.11 ms
------------------------------
GroundingDINO 平均推理耗时: 617.16 ms
预估 FPS: 1.62
------------------------------
