/usr/local/Ascend/ascend-toolkit/latest/tools/ms_fmk_transplt/analysis/unsupported_api_analysis/cuda_cpp_parser.py:12: SyntaxWarning: invalid escape sequence '\('
  CPP_FUNC_SUB_RE_PATTERN = re.compile('&|\(|\)')
/usr/local/Ascend/ascend-toolkit/latest/tools/ms_fmk_transplt/analysis/unsupported_api_analysis/cuda_cpp_parser.py:16: SyntaxWarning: invalid escape sequence '\['
  LAMBDA_ARG_RE_PATTERN = re.compile('\[\]\((.*?)\)')
/usr/local/Ascend/ascend-toolkit/latest/tools/ms_fmk_transplt/analysis/unsupported_api_analysis/cuda_cpp_parser.py:17: SyntaxWarning: invalid escape sequence '\('
  TORCH_FN_RE_PATTERN = re.compile('TORCH_FN\((.*?)\)')
2026-07-06 09:56:48 [INFO]    Start to check input path...
2026-07-06 09:56:48 [WARNING] The dir is writable by others: /home/orange/pipeline_tool/GroundingDINO/groundingdino/models/GroundingDINO/csrc.
2026-07-06 09:56:48 [WARNING] The dir is writable by others: /home/orange/pipeline_tool/GroundingDINO/groundingdino/models/GroundingDINO/csrc.
2026-07-06 09:56:48 [WARNING] The dir is writable by others: /home/orange/pipeline_tool/GroundingDINO/groundingdino/models/GroundingDINO/csrc/MsDeformAttn.
2026-07-06 09:56:48 [WARNING] The dir is writable by others: /home/orange/pipeline_tool/GroundingDINO/groundingdino/models/GroundingDINO/csrc/MsDeformAttn.
2026-07-06 09:56:48 [INFO]    PyTorch analysis start working now, please wait for a moment.
2026-07-06 09:56:48 [INFO]    Analysis start...
2026-07-06 09:56:48 [INFO]    [Progress:  0.00%]  Start the analysis of docker_test.py.
2026-07-06 09:56:48 [WARNING] [Progress:  0.00%]  The dir is writable by others: /home/orange/pipeline_tool/GroundingDINO.
2026-07-06 09:56:48 [INFO]    [Progress:  0.00%]  line: 6 ~ 6 Operation Type: SUGGESTION Message: to has a suggestion about performance
2026-07-06 09:56:48 [INFO]    [Progress:  0.00%]  Analysis of docker_test.py completed.
2026-07-06 09:56:48 [INFO]    [Progress:  2.44%]  Start the analysis of test.py.
2026-07-06 09:56:48 [WARNING] [Progress:  2.44%]  The dir is writable by others: /home/orange/pipeline_tool/GroundingDINO.
2026-07-06 09:56:48 [INFO]    [Progress:  2.44%]  Analysis of test.py completed.
2026-07-06 09:56:48 [INFO]    [Progress:  4.88%]  Start the analysis of setup.py.
2026-07-06 09:56:48 [WARNING] [Progress:  4.88%]  The dir is writable by others: /home/orange/pipeline_tool/GroundingDINO.
2026-07-06 09:56:48 [INFO]    [Progress:  4.88%]  Analysis of setup.py completed.
2026-07-06 09:56:48 [INFO]    [Progress:  7.32%]  Start the analysis of groundingdino/__init__.py.
2026-07-06 09:56:48 [WARNING] [Progress:  7.32%]  The dir is writable by others: /home/orange/pipeline_tool/GroundingDINO/groundingdino.
2026-07-06 09:56:48 [INFO]    [Progress:  7.32%]  Analysis of groundingdino/__init__.py completed.
2026-07-06 09:56:48 [INFO]    [Progress:  9.76%]  Start the analysis of groundingdino/models/__init__.py.
2026-07-06 09:56:48 [WARNING] [Progress:  9.76%]  The dir is writable by others: /home/orange/pipeline_tool/GroundingDINO/groundingdino/models.
2026-07-06 09:56:48 [INFO]    [Progress:  9.76%]  Analysis of groundingdino/models/__init__.py completed.
2026-07-06 09:56:48 [INFO]    [Progress: 12.20%]  Start the analysis of groundingdino/models/registry.py.
2026-07-06 09:56:48 [WARNING] [Progress: 12.20%]  The dir is writable by others: /home/orange/pipeline_tool/GroundingDINO/groundingdino/models.
2026-07-06 09:56:48 [INFO]    [Progress: 12.20%]  Analysis of groundingdino/models/registry.py completed.
2026-07-06 09:56:48 [INFO]    [Progress: 14.63%]  Start the analysis of groundingdino/models/GroundingDINO/__init__.py.
2026-07-06 09:56:48 [WARNING] [Progress: 14.63%]  The dir is writable by others: /home/orange/pipeline_tool/GroundingDINO/groundingdino/models/GroundingDINO.
2026-07-06 09:56:48 [INFO]    [Progress: 14.63%]  Analysis of groundingdino/models/GroundingDINO/__init__.py completed.
2026-07-06 09:56:48 [INFO]    [Progress: 17.07%]  Start the analysis of groundingdino/models/GroundingDINO/bertwarper.py.
2026-07-06 09:56:48 [WARNING] [Progress: 17.07%]  The dir is writable by others: /home/orange/pipeline_tool/GroundingDINO/groundingdino/models/GroundingDINO.
2026-07-06 09:56:48 [INFO]    [Progress: 17.07%]  line: 221 ~ 221 Operation Type: SUGGESTION Message: to has a suggestion about performance
2026-07-06 09:56:48 [INFO]    [Progress: 17.07%]  line: 273 ~ 273 Operation Type: SUGGESTION Message: to has a suggestion about performance
2026-07-06 09:56:48 [INFO]    [Progress: 17.07%]  Analysis of groundingdino/models/GroundingDINO/bertwarper.py completed.
2026-07-06 09:56:48 [INFO]    [Progress: 19.51%]  Start the analysis of groundingdino/models/GroundingDINO/ms_deform_attn.py.
2026-07-06 09:56:48 [WARNING] [Progress: 19.51%]  The dir is writable by others: /home/orange/pipeline_tool/GroundingDINO/groundingdino/models/GroundingDINO.
2026-07-06 09:56:48 [WARNING] [Progress: 19.51%]  line: 53 ~ 60 Operation Type: UNSUPPORTED Message: User-defined CUDA Operator.
2026-07-06 09:56:48 [WARNING] [Progress: 19.51%]  line: 80 ~ 88 Operation Type: UNSUPPORTED Message: User-defined CUDA Operator.
2026-07-06 09:56:48 [WARNING] [Progress: 19.51%]  line: 118 ~ 120 Operation Type: UNSUPPORTED Message: NA
2026-07-06 09:56:48 [INFO]    [Progress: 19.51%]  line: 187 ~ 187 Operation Type: SUGGESTION Message: torch.nn.Linear has a suggestion about performance
2026-07-06 09:56:48 [INFO]    [Progress: 19.51%]  line: 188 ~ 188 Operation Type: SUGGESTION Message: torch.nn.Linear has a suggestion about performance
2026-07-06 09:56:48 [INFO]    [Progress: 19.51%]  line: 189 ~ 189 Operation Type: SUGGESTION Message: torch.nn.Linear has a suggestion about performance
2026-07-06 09:56:48 [INFO]    [Progress: 19.51%]  line: 190 ~ 190 Operation Type: SUGGESTION Message: torch.nn.Linear has a suggestion about performance
2026-07-06 09:56:48 [INFO]    [Progress: 19.51%]  Analysis of groundingdino/models/GroundingDINO/ms_deform_attn.py completed.
2026-07-06 09:56:48 [INFO]    [Progress: 21.95%]  Start the analysis of groundingdino/models/GroundingDINO/fuse_modules.py.
2026-07-06 09:56:48 [WARNING] [Progress: 21.95%]  The dir is writable by others: /home/orange/pipeline_tool/GroundingDINO/groundingdino/models/GroundingDINO.
2026-07-06 09:56:48 [INFO]    [Progress: 21.95%]  line: 24 ~ 24 Operation Type: SUGGESTION Message: torch.nn.Linear has a suggestion about performance
2026-07-06 09:56:48 [INFO]    [Progress: 21.95%]  line: 115 ~ 115 Operation Type: SUGGESTION Message: torch.nn.Linear has a suggestion about performance
2026-07-06 09:56:48 [INFO]    [Progress: 21.95%]  line: 116 ~ 116 Operation Type: SUGGESTION Message: torch.nn.Linear has a suggestion about performance
2026-07-06 09:56:48 [INFO]    [Progress: 21.95%]  line: 117 ~ 117 Operation Type: SUGGESTION Message: torch.nn.Linear has a suggestion about performance
2026-07-06 09:56:48 [INFO]    [Progress: 21.95%]  line: 118 ~ 118 Operation Type: SUGGESTION Message: torch.nn.Linear has a suggestion about performance
2026-07-06 09:56:48 [INFO]    [Progress: 21.95%]  line: 120 ~ 120 Operation Type: SUGGESTION Message: torch.nn.Linear has a suggestion about performance
2026-07-06 09:56:48 [INFO]    [Progress: 21.95%]  line: 121 ~ 121 Operation Type: SUGGESTION Message: torch.nn.Linear has a suggestion about performance
2026-07-06 09:56:48 [INFO]    [Progress: 21.95%]  Analysis of groundingdino/models/GroundingDINO/fuse_modules.py completed.
2026-07-06 09:56:48 [INFO]    [Progress: 24.39%]  Start the analysis of groundingdino/models/GroundingDINO/utils.py.
2026-07-06 09:56:48 [WARNING] [Progress: 24.39%]  The dir is writable by others: /home/orange/pipeline_tool/GroundingDINO/groundingdino/models/GroundingDINO.
2026-07-06 09:56:48 [INFO]    [Progress: 24.39%]  line: 132 ~ 132 Operation Type: SUGGESTION Message: to has a suggestion about performance
2026-07-06 09:56:48 [INFO]    [Progress: 24.39%]  line: 179 ~ 179 Operation Type: SUGGESTION Message: torch.nn.Linear has a suggestion about performance
2026-07-06 09:56:48 [INFO]    [Progress: 24.39%]  Analysis of groundingdino/models/GroundingDINO/utils.py completed.
2026-07-06 09:56:48 [INFO]    [Progress: 26.83%]  Start the analysis of groundingdino/models/GroundingDINO/transformer_vanilla.py.
2026-07-06 09:56:48 [WARNING] [Progress: 26.83%]  The dir is writable by others: /home/orange/pipeline_tool/GroundingDINO/groundingdino/models/GroundingDINO.
2026-07-06 09:56:48 [WARNING] [Progress: 26.83%]  line: 83 ~ 83 Operation Type: UNSUPPORTED Message: NA
2026-07-06 09:56:48 [INFO]    [Progress: 26.83%]  line: 85 ~ 85 Operation Type: SUGGESTION Message: torch.nn.Linear has a suggestion about performance
2026-07-06 09:56:48 [INFO]    [Progress: 26.83%]  line: 87 ~ 87 Operation Type: SUGGESTION Message: torch.nn.Linear has a suggestion about performance
2026-07-06 09:56:48 [INFO]    [Progress: 26.83%]  Analysis of groundingdino/models/GroundingDINO/transformer_vanilla.py completed.
2026-07-06 09:56:48 [INFO]    [Progress: 29.27%]  Start the analysis of groundingdino/models/GroundingDINO/groundingdino.py.
2026-07-06 09:56:48 [WARNING] [Progress: 29.27%]  The dir is writable by others: /home/orange/pipeline_tool/GroundingDINO/groundingdino/models/GroundingDINO.
2026-07-06 09:56:49 [INFO]    [Progress: 29.27%]  line: 215 ~ 215 Operation Type: SUGGESTION Message: torch.nn.Embedding has a suggestion about precision
2026-07-06 09:56:49 [INFO]    [Progress: 29.27%]  line: 118 ~ 118 Operation Type: SUGGESTION Message: torch.nn.Linear has a suggestion about performance
2026-07-06 09:56:49 [INFO]    [Progress: 29.27%]  line: 259 ~ 261 Operation Type: SUGGESTION Message: to has a suggestion about performance
2026-07-06 09:56:49 [INFO]    [Progress: 29.27%]  line: 331 ~ 331 Operation Type: SUGGESTION Message: to has a suggestion about performance
2026-07-06 09:56:49 [INFO]    [Progress: 29.27%]  line: 332 ~ 332 Operation Type: SUGGESTION Message: to has a suggestion about performance
2026-07-06 09:56:49 [INFO]    [Progress: 29.27%]  Analysis of groundingdino/models/GroundingDINO/groundingdino.py completed.
2026-07-06 09:56:49 [INFO]    [Progress: 31.71%]  Start the analysis of groundingdino/models/GroundingDINO/transformer.py.
2026-07-06 09:56:49 [WARNING] [Progress: 31.71%]  The dir is writable by others: /home/orange/pipeline_tool/GroundingDINO/groundingdino/models/GroundingDINO.
2026-07-06 09:56:49 [WARNING] [Progress: 31.71%]  line: 830 ~ 830 Operation Type: UNSUPPORTED Message: NA
2026-07-06 09:56:49 [WARNING] [Progress: 31.71%]  line: 835 ~ 835 Operation Type: UNSUPPORTED Message: NA
2026-07-06 09:56:49 [INFO]    [Progress: 31.71%]  line: 165 ~ 165 Operation Type: SUGGESTION Message: torch.nn.Embedding has a suggestion about precision
2026-07-06 09:56:49 [INFO]    [Progress: 31.71%]  line: 209 ~ 209 Operation Type: SUGGESTION Message: torch.nn.Embedding has a suggestion about precision
2026-07-06 09:56:49 [INFO]    [Progress: 31.71%]  line: 177 ~ 177 Operation Type: SUGGESTION Message: torch.nn.Linear has a suggestion about performance
2026-07-06 09:56:49 [INFO]    [Progress: 31.71%]  line: 763 ~ 763 Operation Type: SUGGESTION Message: torch.nn.Linear has a suggestion about performance
2026-07-06 09:56:49 [INFO]    [Progress: 31.71%]  line: 766 ~ 766 Operation Type: SUGGESTION Message: torch.nn.Linear has a suggestion about performance
2026-07-06 09:56:49 [INFO]    [Progress: 31.71%]  line: 840 ~ 840 Operation Type: SUGGESTION Message: torch.nn.Linear has a suggestion about performance
2026-07-06 09:56:49 [INFO]    [Progress: 31.71%]  line: 843 ~ 843 Operation Type: SUGGESTION Message: torch.nn.Linear has a suggestion about performance
2026-07-06 09:56:49 [INFO]    [Progress: 31.71%]  Analysis of groundingdino/models/GroundingDINO/transformer.py completed.
2026-07-06 09:56:49 [INFO]    [Progress: 34.15%]  Start the analysis of groundingdino/models/GroundingDINO/backbone/__init__.py.
2026-07-06 09:56:49 [WARNING] [Progress: 34.15%]  The dir is writable by others: /home/orange/pipeline_tool/GroundingDINO/groundingdino/models/GroundingDINO/backbone.
2026-07-06 09:56:49 [INFO]    [Progress: 34.15%]  Analysis of groundingdino/models/GroundingDINO/backbone/__init__.py completed.
2026-07-06 09:56:49 [INFO]    [Progress: 36.59%]  Start the analysis of groundingdino/models/GroundingDINO/backbone/swin_transformer.py.
2026-07-06 09:56:49 [WARNING] [Progress: 36.59%]  The dir is writable by others: /home/orange/pipeline_tool/GroundingDINO/groundingdino/models/GroundingDINO/backbone.
2026-07-06 09:56:49 [INFO]    [Progress: 36.59%]  line: 33 ~ 33 Operation Type: SUGGESTION Message: torch.nn.Linear has a suggestion about performance
2026-07-06 09:56:49 [INFO]    [Progress: 36.59%]  line: 35 ~ 35 Operation Type: SUGGESTION Message: torch.nn.Linear has a suggestion about performance
2026-07-06 09:56:49 [INFO]    [Progress: 36.59%]  line: 126 ~ 126 Operation Type: SUGGESTION Message: torch.nn.Linear has a suggestion about performance
2026-07-06 09:56:49 [INFO]    [Progress: 36.59%]  line: 128 ~ 128 Operation Type: SUGGESTION Message: torch.nn.Linear has a suggestion about performance
2026-07-06 09:56:49 [INFO]    [Progress: 36.59%]  line: 311 ~ 311 Operation Type: SUGGESTION Message: torch.nn.Linear has a suggestion about performance
2026-07-06 09:56:49 [INFO]    [Progress: 36.59%]  line: 751 ~ 751 Operation Type: SUGGESTION Message: to has a suggestion about performance
2026-07-06 09:56:49 [INFO]    [Progress: 36.59%]  Analysis of groundingdino/models/GroundingDINO/backbone/swin_transformer.py completed.
2026-07-06 09:56:49 [INFO]    [Progress: 39.02%]  Start the analysis of groundingdino/models/GroundingDINO/backbone/position_encoding.py.
2026-07-06 09:56:49 [WARNING] [Progress: 39.02%]  The dir is writable by others: /home/orange/pipeline_tool/GroundingDINO/groundingdino/models/GroundingDINO/backbone.
2026-07-06 09:56:50 [INFO]    [Progress: 39.02%]  line: 141 ~ 141 Operation Type: SUGGESTION Message: torch.nn.Embedding has a suggestion about precision
2026-07-06 09:56:50 [INFO]    [Progress: 39.02%]  line: 142 ~ 142 Operation Type: SUGGESTION Message: torch.nn.Embedding has a suggestion about precision
2026-07-06 09:56:50 [INFO]    [Progress: 39.02%]  Analysis of groundingdino/models/GroundingDINO/backbone/position_encoding.py completed.
2026-07-06 09:56:50 [INFO]    [Progress: 41.46%]  Start the analysis of groundingdino/models/GroundingDINO/backbone/backbone.py.
2026-07-06 09:56:50 [WARNING] [Progress: 41.46%]  The dir is writable by others: /home/orange/pipeline_tool/GroundingDINO/groundingdino/models/GroundingDINO/backbone.
2026-07-06 09:56:50 [INFO]    [Progress: 41.46%]  line: 113 ~ 113 Operation Type: SUGGESTION Message: to has a suggestion about performance
2026-07-06 09:56:50 [INFO]    [Progress: 41.46%]  line: 157 ~ 157 Operation Type: SUGGESTION Message: to has a suggestion about performance
2026-07-06 09:56:50 [INFO]    [Progress: 41.46%]  Analysis of groundingdino/models/GroundingDINO/backbone/backbone.py completed.
2026-07-06 09:56:50 [INFO]    [Progress: 43.90%]  Start the analysis of groundingdino/datasets/__init__.py.
2026-07-06 09:56:50 [WARNING] [Progress: 43.90%]  The dir is writable by others: /home/orange/pipeline_tool/GroundingDINO/groundingdino/datasets.
2026-07-06 09:56:50 [INFO]    [Progress: 43.90%]  Analysis of groundingdino/datasets/__init__.py completed.
2026-07-06 09:56:50 [INFO]    [Progress: 46.34%]  Start the analysis of groundingdino/datasets/transforms.py.
2026-07-06 09:56:50 [WARNING] [Progress: 46.34%]  The dir is writable by others: /home/orange/pipeline_tool/GroundingDINO/groundingdino/datasets.
2026-07-06 09:56:50 [INFO]    [Progress: 46.34%]  Analysis of groundingdino/datasets/transforms.py completed.
2026-07-06 09:56:50 [INFO]    [Progress: 48.78%]  Start the analysis of groundingdino/datasets/cocogrounding_eval.py.
2026-07-06 09:56:50 [WARNING] [Progress: 48.78%]  The dir is writable by others: /home/orange/pipeline_tool/GroundingDINO/groundingdino/datasets.
2026-07-06 09:56:50 [INFO]    [Progress: 48.78%]  Analysis of groundingdino/datasets/cocogrounding_eval.py completed.
2026-07-06 09:56:50 [INFO]    [Progress: 51.22%]  Start the analysis of groundingdino/util/logger.py.
2026-07-06 09:56:50 [WARNING] [Progress: 51.22%]  The dir is writable by others: /home/orange/pipeline_tool/GroundingDINO/groundingdino/util.
2026-07-06 09:56:50 [INFO]    [Progress: 51.22%]  Analysis of groundingdino/util/logger.py completed.
2026-07-06 09:56:50 [INFO]    [Progress: 53.66%]  Start the analysis of groundingdino/util/vl_utils.py.
2026-07-06 09:56:50 [WARNING] [Progress: 53.66%]  The dir is writable by others: /home/orange/pipeline_tool/GroundingDINO/groundingdino/util.
2026-07-06 09:56:50 [INFO]    [Progress: 53.66%]  Analysis of groundingdino/util/vl_utils.py completed.
2026-07-06 09:56:50 [INFO]    [Progress: 56.10%]  Start the analysis of groundingdino/util/__init__.py.
2026-07-06 09:56:50 [WARNING] [Progress: 56.10%]  The dir is writable by others: /home/orange/pipeline_tool/GroundingDINO/groundingdino/util.
2026-07-06 09:56:50 [INFO]    [Progress: 56.10%]  Analysis of groundingdino/util/__init__.py completed.
2026-07-06 09:56:50 [INFO]    [Progress: 58.54%]  Start the analysis of groundingdino/util/time_counter.py.
2026-07-06 09:56:50 [WARNING] [Progress: 58.54%]  The dir is writable by others: /home/orange/pipeline_tool/GroundingDINO/groundingdino/util.
2026-07-06 09:56:50 [INFO]    [Progress: 58.54%]  Analysis of groundingdino/util/time_counter.py completed.
2026-07-06 09:56:50 [INFO]    [Progress: 60.98%]  Start the analysis of groundingdino/util/get_tokenlizer.py.
2026-07-06 09:56:50 [WARNING] [Progress: 60.98%]  The dir is writable by others: /home/orange/pipeline_tool/GroundingDINO/groundingdino/util.
2026-07-06 09:56:50 [INFO]    [Progress: 60.98%]  Analysis of groundingdino/util/get_tokenlizer.py completed.
2026-07-06 09:56:50 [INFO]    [Progress: 63.41%]  Start the analysis of groundingdino/util/inference.py.
2026-07-06 09:56:50 [WARNING] [Progress: 63.41%]  The dir is writable by others: /home/orange/pipeline_tool/GroundingDINO/groundingdino/util.
2026-07-06 09:56:50 [INFO]    [Progress: 63.41%]  line: 67 ~ 67 Operation Type: SUGGESTION Message: to has a suggestion about performance
2026-07-06 09:56:50 [INFO]    [Progress: 63.41%]  line: 68 ~ 68 Operation Type: SUGGESTION Message: to has a suggestion about performance
2026-07-06 09:56:50 [INFO]    [Progress: 63.41%]  line: 123 ~ 127 Operation Type: SUGGESTION Message: to has a suggestion about performance
2026-07-06 09:56:50 [INFO]    [Progress: 63.41%]  line: 155 ~ 155 Operation Type: SUGGESTION Message: to has a suggestion about performance
2026-07-06 09:56:50 [INFO]    [Progress: 63.41%]  line: 201 ~ 201 Operation Type: SUGGESTION Message: to has a suggestion about performance
2026-07-06 09:56:50 [INFO]    [Progress: 63.41%]  line: 242 ~ 242 Operation Type: SUGGESTION Message: to has a suggestion about performance
2026-07-06 09:56:50 [INFO]    [Progress: 63.41%]  Analysis of groundingdino/util/inference.py completed.
2026-07-06 09:56:50 [INFO]    [Progress: 65.85%]  Start the analysis of groundingdino/util/inference copy.py.
2026-07-06 09:56:50 [WARNING] [Progress: 65.85%]  The dir is writable by others: /home/orange/pipeline_tool/GroundingDINO/groundingdino/util.
2026-07-06 09:56:50 [INFO]    [Progress: 65.85%]  line: 112 ~ 112 Operation Type: SUGGESTION Message: to has a suggestion about performance
2026-07-06 09:56:50 [INFO]    [Progress: 65.85%]  line: 113 ~ 113 Operation Type: SUGGESTION Message: to has a suggestion about performance
2026-07-06 09:56:50 [INFO]    [Progress: 65.85%]  line: 168 ~ 172 Operation Type: SUGGESTION Message: to has a suggestion about performance
2026-07-06 09:56:50 [INFO]    [Progress: 65.85%]  line: 200 ~ 200 Operation Type: SUGGESTION Message: to has a suggestion about performance
2026-07-06 09:56:50 [INFO]    [Progress: 65.85%]  line: 246 ~ 246 Operation Type: SUGGESTION Message: to has a suggestion about performance
2026-07-06 09:56:50 [INFO]    [Progress: 65.85%]  line: 287 ~ 287 Operation Type: SUGGESTION Message: to has a suggestion about performance
2026-07-06 09:56:50 [INFO]    [Progress: 65.85%]  Analysis of groundingdino/util/inference copy.py completed.
2026-07-06 09:56:50 [INFO]    [Progress: 68.29%]  Start the analysis of groundingdino/util/slconfig.py.
2026-07-06 09:56:50 [WARNING] [Progress: 68.29%]  The dir is writable by others: /home/orange/pipeline_tool/GroundingDINO/groundingdino/util.
2026-07-06 09:56:51 [INFO]    [Progress: 68.29%]  Analysis of groundingdino/util/slconfig.py completed.
2026-07-06 09:56:51 [INFO]    [Progress: 70.73%]  Start the analysis of groundingdino/util/utils.py.
2026-07-06 09:56:51 [WARNING] [Progress: 70.73%]  The dir is writable by others: /home/orange/pipeline_tool/GroundingDINO/groundingdino/util.
2026-07-06 09:56:51 [INFO]    [Progress: 70.73%]  line: 162 ~ 162 Operation Type: SUGGESTION Message: to has a suggestion about performance
2026-07-06 09:56:51 [INFO]    [Progress: 70.73%]  line: 192 ~ 192 Operation Type: SUGGESTION Message: to has a suggestion about performance
2026-07-06 09:56:51 [INFO]    [Progress: 70.73%]  line: 485 ~ 485 Operation Type: SUGGESTION Message: to has a suggestion about performance
2026-07-06 09:56:51 [INFO]    [Progress: 70.73%]  line: 493 ~ 493 Operation Type: SUGGESTION Message: to has a suggestion about performance
2026-07-06 09:56:51 [INFO]    [Progress: 70.73%]  line: 595 ~ 595 Operation Type: SUGGESTION Message: to has a suggestion about performance
2026-07-06 09:56:51 [INFO]    [Progress: 70.73%]  Analysis of groundingdino/util/utils.py completed.
2026-07-06 09:56:51 [INFO]    [Progress: 73.17%]  Start the analysis of groundingdino/util/slio.py.
2026-07-06 09:56:51 [WARNING] [Progress: 73.17%]  The dir is writable by others: /home/orange/pipeline_tool/GroundingDINO/groundingdino/util.
2026-07-06 09:56:51 [INFO]    [Progress: 73.17%]  Analysis of groundingdino/util/slio.py completed.
2026-07-06 09:56:51 [INFO]    [Progress: 75.61%]  Start the analysis of groundingdino/util/visualizer.py.
2026-07-06 09:56:51 [WARNING] [Progress: 75.61%]  The dir is writable by others: /home/orange/pipeline_tool/GroundingDINO/groundingdino/util.
2026-07-06 09:56:51 [INFO]    [Progress: 75.61%]  Analysis of groundingdino/util/visualizer.py completed.
2026-07-06 09:56:51 [INFO]    [Progress: 78.05%]  Start the analysis of groundingdino/util/box_ops.py.
2026-07-06 09:56:51 [WARNING] [Progress: 78.05%]  The dir is writable by others: /home/orange/pipeline_tool/GroundingDINO/groundingdino/util.
2026-07-06 09:56:51 [INFO]    [Progress: 78.05%]  Analysis of groundingdino/util/box_ops.py completed.
2026-07-06 09:56:51 [INFO]    [Progress: 80.49%]  Start the analysis of groundingdino/util/misc.py.
2026-07-06 09:56:51 [WARNING] [Progress: 80.49%]  The dir is writable by others: /home/orange/pipeline_tool/GroundingDINO/groundingdino/util.
2026-07-06 09:56:52 [INFO]    [Progress: 80.49%]  line: 134 ~ 134 Operation Type: SUGGESTION Message: to has a suggestion about performance
2026-07-06 09:56:52 [INFO]    [Progress: 80.49%]  line: 192 ~ 192 Operation Type: SUGGESTION Message: to has a suggestion about performance
2026-07-06 09:56:52 [INFO]    [Progress: 80.49%]  line: 404 ~ 404 Operation Type: SUGGESTION Message: to has a suggestion about performance
2026-07-06 09:56:52 [INFO]    [Progress: 80.49%]  line: 406 ~ 406 Operation Type: SUGGESTION Message: to has a suggestion about performance
2026-07-06 09:56:52 [INFO]    [Progress: 80.49%]  line: 408 ~ 408 Operation Type: SUGGESTION Message: to has a suggestion about performance
2026-07-06 09:56:52 [INFO]    [Progress: 80.49%]  line: 427 ~ 427 Operation Type: SUGGESTION Message: to has a suggestion about performance
2026-07-06 09:56:52 [INFO]    [Progress: 80.49%]  line: 431 ~ 431 Operation Type: SUGGESTION Message: to has a suggestion about performance
2026-07-06 09:56:52 [INFO]    [Progress: 80.49%]  line: 505 ~ 507 Operation Type: SUGGESTION Message: to has a suggestion about performance
2026-07-06 09:56:52 [INFO]    [Progress: 80.49%]  line: 506 ~ 506 Operation Type: SUGGESTION Message: to has a suggestion about performance
2026-07-06 09:56:52 [INFO]    [Progress: 80.49%]  line: 524 ~ 524 Operation Type: SUGGESTION Message: to has a suggestion about performance
2026-07-06 09:56:52 [INFO]    [Progress: 80.49%]  Analysis of groundingdino/util/misc.py completed.
2026-07-06 09:56:52 [INFO]    [Progress: 82.93%]  Start the analysis of groundingdino/config/GroundingDINO_SwinB_cfg.py.
2026-07-06 09:56:52 [WARNING] [Progress: 82.93%]  The dir is writable by others: /home/orange/pipeline_tool/GroundingDINO/groundingdino/config.
2026-07-06 09:56:52 [INFO]    [Progress: 82.93%]  Analysis of groundingdino/config/GroundingDINO_SwinB_cfg.py completed.
2026-07-06 09:56:52 [INFO]    [Progress: 85.37%]  Start the analysis of groundingdino/config/__init__.py.
2026-07-06 09:56:52 [WARNING] [Progress: 85.37%]  The dir is writable by others: /home/orange/pipeline_tool/GroundingDINO/groundingdino/config.
2026-07-06 09:56:52 [INFO]    [Progress: 85.37%]  Analysis of groundingdino/config/__init__.py completed.
2026-07-06 09:56:52 [INFO]    [Progress: 87.80%]  Start the analysis of groundingdino/config/GroundingDINO_SwinT_OGC.py.
2026-07-06 09:56:52 [WARNING] [Progress: 87.80%]  The dir is writable by others: /home/orange/pipeline_tool/GroundingDINO/groundingdino/config.
2026-07-06 09:56:52 [INFO]    [Progress: 87.80%]  Analysis of groundingdino/config/GroundingDINO_SwinT_OGC.py completed.
2026-07-06 09:56:52 [INFO]    [Progress: 90.24%]  Start the analysis of demo/gradio_app.py.
2026-07-06 09:56:52 [WARNING] [Progress: 90.24%]  The dir is writable by others: /home/orange/pipeline_tool/GroundingDINO/demo.
2026-07-06 09:56:52 [INFO]    [Progress: 90.24%]  Analysis of demo/gradio_app.py completed.
2026-07-06 09:56:52 [INFO]    [Progress: 92.68%]  Start the analysis of demo/create_coco_dataset.py.
2026-07-06 09:56:52 [WARNING] [Progress: 92.68%]  The dir is writable by others: /home/orange/pipeline_tool/GroundingDINO/demo.
2026-07-06 09:56:52 [INFO]    [Progress: 92.68%]  Analysis of demo/create_coco_dataset.py completed.
2026-07-06 09:56:52 [INFO]    [Progress: 95.12%]  Start the analysis of demo/inference_on_a_image.py.
2026-07-06 09:56:52 [WARNING] [Progress: 95.12%]  The dir is writable by others: /home/orange/pipeline_tool/GroundingDINO/demo.
2026-07-06 09:56:52 [INFO]    [Progress: 95.12%]  line: 91 ~ 91 Operation Type: SUGGESTION Message: to has a suggestion about performance
2026-07-06 09:56:52 [INFO]    [Progress: 95.12%]  line: 92 ~ 92 Operation Type: SUGGESTION Message: to has a suggestion about performance
2026-07-06 09:56:52 [INFO]    [Progress: 95.12%]  line: 119 ~ 122 Operation Type: SUGGESTION Message: to has a suggestion about performance
2026-07-06 09:56:52 [INFO]    [Progress: 95.12%]  Analysis of demo/inference_on_a_image.py completed.
2026-07-06 09:56:52 [INFO]    [Progress: 97.56%]  Start the analysis of demo/test_ap_on_coco.py.
2026-07-06 09:56:52 [WARNING] [Progress: 97.56%]  The dir is writable by others: /home/orange/pipeline_tool/GroundingDINO/demo.
2026-07-06 09:56:52 [INFO]    [Progress: 97.56%]  line: 104 ~ 104 Operation Type: SUGGESTION Message: to has a suggestion about performance
2026-07-06 09:56:52 [INFO]    [Progress: 97.56%]  line: 146 ~ 146 Operation Type: SUGGESTION Message: to has a suggestion about performance
2026-07-06 09:56:52 [INFO]    [Progress: 97.56%]  line: 159 ~ 160 Operation Type: SUGGESTION Message: torch.utils.data.DataLoader has a suggestion about performance
2026-07-06 09:56:52 [INFO]    [Progress: 97.56%]  line: 181 ~ 181 Operation Type: SUGGESTION Message: to has a suggestion about performance
2026-07-06 09:56:52 [INFO]    [Progress: 97.56%]  line: 188 ~ 189 Operation Type: SUGGESTION Message: to has a suggestion about performance
2026-07-06 09:56:52 [INFO]    [Progress: 97.56%]  Analysis of demo/test_ap_on_coco.py completed.
2026-07-06 09:56:52 [INFO]    [Progress:100.00%]  Analyse run succeeded, welcome to the next use.
2026-07-06 09:56:52 [INFO]    The detailed transplant result files are in the output path you defined, the relative path is GroundingDINO_analysis.
+----------------------------+------------+
|           files            | statistics |
+----------------------------+------------+
| api_performance_advice.csv |     73     |
|      cuda_op_list.csv      |     82     |
|    unsupported_api.csv     |     6      |
|      unknown_api.csv       |     11     |
|  api_precision_advice.csv  |     5      |
+----------------------------+------------+
