using ASCEND_HOME_PATH: /usr/local/Ascend/ascend-toolkit/latest
Preset CMake variables:

  ASCEND_CANN_PACKAGE_PATH:PATH="/home/lzt/Ascend/ascend-toolkit/latest"
  ASCEND_COMPUTE_UNIT:STRING="ascend310p"
  ASCEND_PACK_SHARED_LIBRARY:BOOL="False"
  ASCEND_PYTHON_EXECUTABLE:STRING="python3"
  CMAKE_BUILD_TYPE:STRING="Release"
  CMAKE_CROSS_PLATFORM_COMPILER:PATH="/usr/bin/aarch64-linux-gnu-g++"
  CMAKE_INSTALL_PREFIX:PATH="/home/orange/pipeline_tool/AscendDevTool/op_builder/ops_src/pointnet2__ext_furthest_point_samplingSample/FrameworkLaunch/pointnet2__ext_furthest_point_sampling/build_out"
  ENABLE_BINARY_PACKAGE:BOOL="True"
  ENABLE_CROSS_COMPILE:BOOL="False"
  ENABLE_SOURCE_PACKAGE:BOOL="True"
  ENABLE_TEST:BOOL="True"
  vendor_name:STRING="customize"

-- The C compiler identification is GNU 11.4.0
-- The CXX compiler identification is GNU 11.4.0
-- Detecting C compiler ABI info
-- Detecting C compiler ABI info - done
-- Check for working C compiler: /usr/bin/cc - skipped
-- Detecting C compile features
-- Detecting C compile features - done
-- Detecting CXX compiler ABI info
-- Detecting CXX compiler ABI info - done
-- Check for working CXX compiler: /usr/bin/c++ - skipped
-- Detecting CXX compile features
-- Detecting CXX compile features - done
-- Opbuild generating sources
build ops lib info: 
build ops lib error: In file included from /home/orange/pipeline_tool/AscendDevTool/op_builder/ops_src/pointnet2__ext_furthest_point_samplingSample/FrameworkLaunch/pointnet2__ext_furthest_point_sampling/op_host/pointnet2__ext_furthest_point_sampling.cpp:1:
/home/orange/pipeline_tool/AscendDevTool/op_builder/ops_src/pointnet2__ext_furthest_point_samplingSample/FrameworkLaunch/pointnet2__ext_furthest_point_sampling/op_host/pointnet2__ext_furthest_point_sampling_tiling.h:2:10: fatal error: register/tilingdata_base.h: 没有那个文件或目录
    2 | #include "register/tilingdata_base.h"
      |          ^~~~~~~~~~~~~~~~~~~~~~~~~~~~
compilation terminated.

CMake Error at cmake/func.cmake:29 (message):
  opbuild run failed!
Call Stack (most recent call first):
  op_host/CMakeLists.txt:4 (opbuild)


-- Configuring incomplete, errors occurred!
See also "/home/orange/pipeline_tool/AscendDevTool/op_builder/ops_src/pointnet2__ext_furthest_point_samplingSample/FrameworkLaunch/pointnet2__ext_furthest_point_sampling/build_out/CMakeFiles/CMakeOutput.log".
gmake: Makefile: 没有那个文件或目录
gmake: *** 没有规则可制作目标“Makefile”。 停止。
gmake: Makefile: 没有那个文件或目录
gmake: *** 没有规则可制作目标“Makefile”。 停止。
========== 2. BUILD: pointnet2__ext_furthest_point_sampling ==========

[RUN] >>> bash build.sh (cwd: /home/orange/pipeline_tool/AscendDevTool/op_builder/ops_src/pointnet2__ext_furthest_point_samplingSample/FrameworkLaunch/pointnet2__ext_furthest_point_sampling)
[ERROR] 执行失败: bash build.sh
